# JRE version: Java(TM) SE Runtime Environment (8.0_131-b11) (build 1.8.0_131-b11)
# Java VM: Java HotSpot(TM) 64-Bit Server VM (25.131-b11 mixed mode windows-amd64 compressed oops)
Heap:
 PSYoungGen      total 132096K, used 128090K [0x00000000eb800000, 0x00000000f4880000, 0x0000000100000000)
  eden space 122368K, 96% used [0x00000000eb800000,0x00000000f2b97d38,0x00000000f2f80000)
  from space 9728K, 99% used [0x00000000f3100000,0x00000000f3a7eb80,0x00000000f3a80000)
  to   space 12800K, 0% used [0x00000000f3c00000,0x00000000f3c00000,0x00000000f4880000)
 ParOldGen       total 39424K, used 17352K [0x00000000c2800000, 0x00000000c4e80000, 0x00000000eb800000)
  object space 39424K, 44% used [0x00000000c2800000,0x00000000c38f20a8,0x00000000c4e80000)
 Metaspace       used 34511K, capacity 34966K, committed 35328K, reserved 1079296K
  class space    used 4379K, capacity 4484K, committed 4608K, reserved 1048576K
GC Heap History (10 events):
Event: 1.374 GC heap before
{Heap before GC invocations=6 (full 0):
 PSYoungGen      total 34304K, used 34280K [0x00000000eb800000, 0x00000000f0400000, 0x0000000100000000)
  eden space 31744K, 100% used [0x00000000eb800000,0x00000000ed700000,0x00000000ed700000)
  from space 2560K, 99% used [0x00000000ed700000,0x00000000ed97a020,0x00000000ed980000)
  to   space 7168K, 0% used [0x00000000efd00000,0x00000000efd00000,0x00000000f0400000)
 ParOldGen       total 42496K, used 10572K [0x00000000c2800000, 0x00000000c5180000, 0x00000000eb800000)
  object space 42496K, 24% used [0x00000000c2800000,0x00000000c3253358,0x00000000c5180000)
 Metaspace       used 18511K, capacity 18898K, committed 19072K, reserved 1067008K
  class space    used 2257K, capacity 2359K, committed 2432K, reserved 1048576K
Event: 1.381 GC heap after
Heap after GC invocations=6 (full 0):
 PSYoungGen      total 69632K, used 4581K [0x00000000eb800000, 0x00000000f0300000, 0x0000000100000000)
  eden space 63488K, 0% used [0x00000000eb800000,0x00000000eb800000,0x00000000ef600000)
  from space 6144K, 74% used [0x00000000efd00000,0x00000000f01794e8,0x00000000f0300000)
  to   space 6656K, 0% used [0x00000000ef600000,0x00000000ef600000,0x00000000efc80000)
 ParOldGen       total 42496K, used 10572K [0x00000000c2800000, 0x00000000c5180000, 0x00000000eb800000)
  object space 42496K, 24% used [0x00000000c2800000,0x00000000c3253358,0x00000000c5180000)
 Metaspace       used 18511K, capacity 18898K, committed 19072K, reserved 1067008K
  class space    used 2257K, capacity 2359K, committed 2432K, reserved 1048576K
}
Event: 1.858 GC heap before
{Heap before GC invocations=7 (full 0):
 PSYoungGen      total 69632K, used 65518K [0x00000000eb800000, 0x00000000f0300000, 0x0000000100000000)
  eden space 63488K, 95% used [0x00000000eb800000,0x00000000ef382478,0x00000000ef600000)
  from space 6144K, 74% used [0x00000000efd00000,0x00000000f01794e8,0x00000000f0300000)
  to   space 6656K, 0% used [0x00000000ef600000,0x00000000ef600000,0x00000000efc80000)
 ParOldGen       total 42496K, used 10572K [0x00000000c2800000, 0x00000000c5180000, 0x00000000eb800000)
  object space 42496K, 24% used [0x00000000c2800000,0x00000000c3253358,0x00000000c5180000)
 Metaspace       used 20691K, capacity 21064K, committed 21248K, reserved 1067008K
  class space    used 2573K, capacity 2691K, committed 2816K, reserved 1048576K
Event: 1.874 GC heap after
Heap after GC invocations=7 (full 0):
 PSYoungGen      total 70144K, used 6637K [0x00000000eb800000, 0x00000000f4400000, 0x0000000100000000)
  eden space 63488K, 0% used [0x00000000eb800000,0x00000000eb800000,0x00000000ef600000)
  from space 6656K, 99% used [0x00000000ef600000,0x00000000efc7b678,0x00000000efc80000)
  to   space 8192K, 0% used [0x00000000f3c00000,0x00000000f3c00000,0x00000000f4400000)
 ParOldGen       total 42496K, used 11635K [0x00000000c2800000, 0x00000000c5180000, 0x00000000eb800000)
  object space 42496K, 27% used [0x00000000c2800000,0x00000000c335ce98,0x00000000c5180000)
 Metaspace       used 20691K, capacity 21064K, committed 21248K, reserved 1067008K
  class space    used 2573K, capacity 2691K, committed 2816K, reserved 1048576K
}
Event: 1.874 GC heap before
{Heap before GC invocations=8 (full 1):
 PSYoungGen      total 70144K, used 6637K [0x00000000eb800000, 0x00000000f4400000, 0x0000000100000000)
  eden space 63488K, 0% used [0x00000000eb800000,0x00000000eb800000,0x00000000ef600000)
  from space 6656K, 99% used [0x00000000ef600000,0x00000000efc7b678,0x00000000efc80000)
  to   space 8192K, 0% used [0x00000000f3c00000,0x00000000f3c00000,0x00000000f4400000)
 ParOldGen       total 42496K, used 11635K [0x00000000c2800000, 0x00000000c5180000, 0x00000000eb800000)
  object space 42496K, 27% used [0x00000000c2800000,0x00000000c335ce98,0x00000000c5180000)
 Metaspace       used 20691K, capacity 21064K, committed 21248K, reserved 1067008K
  class space    used 2573K, capacity 2691K, committed 2816K, reserved 1048576K
Event: 1.924 GC heap after
Heap after GC invocations=8 (full 1):
 PSYoungGen      total 70144K, used 0K [0x00000000eb800000, 0x00000000f4400000, 0x0000000100000000)
  eden space 63488K, 0% used [0x00000000eb800000,0x00000000eb800000,0x00000000ef600000)
  from space 6656K, 0% used [0x00000000ef600000,0x00000000ef600000,0x00000000efc80000)
  to   space 8192K, 0% used [0x00000000f3c00000,0x00000000f3c00000,0x00000000f4400000)
 ParOldGen       total 39424K, used 11744K [0x00000000c2800000, 0x00000000c4e80000, 0x00000000eb800000)
  object space 39424K, 29% used [0x00000000c2800000,0x00000000c3378338,0x00000000c4e80000)
 Metaspace       used 20691K, capacity 21064K, committed 21248K, reserved 1067008K
  class space    used 2573K, capacity 2691K, committed 2816K, reserved 1048576K
}
Event: 3.035 GC heap before
{Heap before GC invocations=9 (full 1):
 PSYoungGen      total 70144K, used 63488K [0x00000000eb800000, 0x00000000f4400000, 0x0000000100000000)
  eden space 63488K, 100% used [0x00000000eb800000,0x00000000ef600000,0x00000000ef600000)
  from space 6656K, 0% used [0x00000000ef600000,0x00000000ef600000,0x00000000efc80000)
  to   space 8192K, 0% used [0x00000000f3c00000,0x00000000f3c00000,0x00000000f4400000)
 ParOldGen       total 39424K, used 11744K [0x00000000c2800000, 0x00000000c4e80000, 0x00000000eb800000)
  object space 39424K, 29% used [0x00000000c2800000,0x00000000c3378338,0x00000000c4e80000)
 Metaspace       used 25942K, capacity 26368K, committed 26752K, reserved 1073152K
  class space    used 3245K, capacity 3367K, committed 3456K, reserved 1048576K
Event: 3.055 GC heap after
Heap after GC invocations=9 (full 1):
 PSYoungGen      total 103936K, used 8174K [0x00000000eb800000, 0x00000000f4400000, 0x0000000100000000)
  eden space 95744K, 0% used [0x00000000eb800000,0x00000000eb800000,0x00000000f1580000)
  from space 8192K, 99% used [0x00000000f3c00000,0x00000000f43fb9a8,0x00000000f4400000)
  to   space 9728K, 0% used [0x00000000f3100000,0x00000000f3100000,0x00000000f3a80000)
 ParOldGen       total 39424K, used 13184K [0x00000000c2800000, 0x00000000c4e80000, 0x00000000eb800000)
  object space 39424K, 33% used [0x00000000c2800000,0x00000000c34e0220,0x00000000c4e80000)
 Metaspace       used 25942K, capacity 26368K, committed 26752K, reserved 1073152K
  class space    used 3245K, capacity 3367K, committed 3456K, reserved 1048576K
}
Event: 5.739 GC heap before
{Heap before GC invocations=10 (full 1):
 PSYoungGen      total 103936K, used 103918K [0x00000000eb800000, 0x00000000f4400000, 0x0000000100000000)
  eden space 95744K, 100% used [0x00000000eb800000,0x00000000f1580000,0x00000000f1580000)
  from space 8192K, 99% used [0x00000000f3c00000,0x00000000f43fb9a8,0x00000000f4400000)
  to   space 9728K, 0% used [0x00000000f3100000,0x00000000f3100000,0x00000000f3a80000)
 ParOldGen       total 39424K, used 13184K [0x00000000c2800000, 0x00000000c4e80000, 0x00000000eb800000)
  object space 39424K, 33% used [0x00000000c2800000,0x00000000c34e0220,0x00000000c4e80000)
 Metaspace       used 29492K, capacity 29984K, committed 30208K, reserved 1075200K
  class space    used 3692K, capacity 3831K, committed 3840K, reserved 1048576K
Event: 5.755 GC heap after
Heap after GC invocations=10 (full 1):
 PSYoungGen      total 132096K, used 9722K [0x00000000eb800000, 0x00000000f4880000, 0x0000000100000000)
  eden space 122368K, 0% used [0x00000000eb800000,0x00000000eb800000,0x00000000f2f80000)
  from space 9728K, 99% used [0x00000000f3100000,0x00000000f3a7eb80,0x00000000f3a80000)
  to   space 12800K, 0% used [0x00000000f3c00000,0x00000000f3c00000,0x00000000f4880000)
 ParOldGen       total 39424K, used 17352K [0x00000000c2800000, 0x00000000c4e80000, 0x00000000eb800000)
  object space 39424K, 44% used [0x00000000c2800000,0x00000000c38f20a8,0x00000000c4e80000)
 Metaspace       used 29492K, capacity 29984K, committed 30208K, reserved 1075200K
  class space    used 3692K, capacity 3831K, committed 3840K, reserved 1048576K
}

