# JRE version: Java(TM) SE Runtime Environment (8.0_131-b11) (build 1.8.0_131-b11)
# Java VM: Java HotSpot(TM) 64-Bit Server VM (25.131-b11 mixed mode windows-amd64 compressed oops)
Heap:
 PSYoungGen      total 162816K, used 45909K [0x00000000eb800000, 0x00000000f6900000, 0x0000000100000000)
  eden space 153600K, 25% used [0x00000000eb800000,0x00000000ede68080,0x00000000f4e00000)
  from space 9216K, 71% used [0x00000000f6000000,0x00000000f666d6c8,0x00000000f6900000)
  to   space 13824K, 0% used [0x00000000f4e00000,0x00000000f4e00000,0x00000000f5b80000)
 ParOldGen       total 65536K, used 20007K [0x00000000c2800000, 0x00000000c6800000, 0x00000000eb800000)
  object space 65536K, 30% used [0x00000000c2800000,0x00000000c3b89e48,0x00000000c6800000)
 Metaspace       used 36118K, capacity 36778K, committed 37080K, reserved 1081344K
  class space    used 4505K, capacity 4663K, committed 4736K, reserved 1048576K
GC Heap History (10 events):
Event: 11.005 GC heap before
{Heap before GC invocations=11 (full 1):
 PSYoungGen      total 133632K, used 123211K [0x00000000eb800000, 0x00000000f4a80000, 0x0000000100000000)
  eden space 123904K, 91% used [0x00000000eb800000,0x00000000f26da4f8,0x00000000f3100000)
  from space 9728K, 99% used [0x00000000f3100000,0x00000000f3a789a0,0x00000000f3a80000)
  to   space 12800K, 0% used [0x00000000f3e00000,0x00000000f3e00000,0x00000000f4a80000)
 ParOldGen       total 38912K, used 17708K [0x00000000c2800000, 0x00000000c4e00000, 0x00000000eb800000)
  object space 38912K, 45% used [0x00000000c2800000,0x00000000c394b070,0x00000000c4e00000)
 Metaspace       used 34736K, capacity 35158K, committed 35416K, reserved 1081344K
  class space    used 4412K, capacity 4548K, committed 4608K, reserved 1048576K
Event: 11.028 GC heap after
Heap after GC invocations=11 (full 1):
 PSYoungGen      total 135680K, used 11864K [0x00000000eb800000, 0x00000000f6f80000, 0x0000000100000000)
  eden space 122880K, 0% used [0x00000000eb800000,0x00000000eb800000,0x00000000f3000000)
  from space 12800K, 92% used [0x00000000f3e00000,0x00000000f49963a8,0x00000000f4a80000)
  to   space 14336K, 0% used [0x00000000f3000000,0x00000000f3000000,0x00000000f3e00000)
 ParOldGen       total 38912K, used 22906K [0x00000000c2800000, 0x00000000c4e00000, 0x00000000eb800000)
  object space 38912K, 58% used [0x00000000c2800000,0x00000000c3e5e938,0x00000000c4e00000)
 Metaspace       used 34736K, capacity 35158K, committed 35416K, reserved 1081344K
  class space    used 4412K, capacity 4548K, committed 4608K, reserved 1048576K
}
Event: 11.028 GC heap before
{Heap before GC invocations=12 (full 2):
 PSYoungGen      total 135680K, used 11864K [0x00000000eb800000, 0x00000000f6f80000, 0x0000000100000000)
  eden space 122880K, 0% used [0x00000000eb800000,0x00000000eb800000,0x00000000f3000000)
  from space 12800K, 92% used [0x00000000f3e00000,0x00000000f49963a8,0x00000000f4a80000)
  to   space 14336K, 0% used [0x00000000f3000000,0x00000000f3000000,0x00000000f3e00000)
 ParOldGen       total 38912K, used 22906K [0x00000000c2800000, 0x00000000c4e00000, 0x00000000eb800000)
  object space 38912K, 58% used [0x00000000c2800000,0x00000000c3e5e938,0x00000000c4e00000)
 Metaspace       used 34736K, capacity 35158K, committed 35416K, reserved 1081344K
  class space    used 4412K, capacity 4548K, committed 4608K, reserved 1048576K
Event: 11.132 GC heap after
Heap after GC invocations=12 (full 2):
 PSYoungGen      total 135680K, used 0K [0x00000000eb800000, 0x00000000f6f80000, 0x0000000100000000)
  eden space 122880K, 0% used [0x00000000eb800000,0x00000000eb800000,0x00000000f3000000)
  from space 12800K, 0% used [0x00000000f3e00000,0x00000000f3e00000,0x00000000f4a80000)
  to   space 14336K, 0% used [0x00000000f3000000,0x00000000f3000000,0x00000000f3e00000)
 ParOldGen       total 65536K, used 23684K [0x00000000c2800000, 0x00000000c6800000, 0x00000000eb800000)
  object space 65536K, 36% used [0x00000000c2800000,0x00000000c3f21080,0x00000000c6800000)
 Metaspace       used 34736K, capacity 35158K, committed 35416K, reserved 1081344K
  class space    used 4412K, capacity 4548K, committed 4608K, reserved 1048576K
}
Event: 346.086 GC heap before
{Heap before GC invocations=13 (full 2):
 PSYoungGen      total 135680K, used 39698K [0x00000000eb800000, 0x00000000f6f80000, 0x0000000100000000)
  eden space 122880K, 32% used [0x00000000eb800000,0x00000000edec4978,0x00000000f3000000)
  from space 12800K, 0% used [0x00000000f3e00000,0x00000000f3e00000,0x00000000f4a80000)
  to   space 14336K, 0% used [0x00000000f3000000,0x00000000f3000000,0x00000000f3e00000)
 ParOldGen       total 65536K, used 23684K [0x00000000c2800000, 0x00000000c6800000, 0x00000000eb800000)
  object space 65536K, 36% used [0x00000000c2800000,0x00000000c3f21080,0x00000000c6800000)
 Metaspace       used 35351K, capacity 35842K, committed 36184K, reserved 1081344K
  class space    used 4461K, capacity 4583K, committed 4608K, reserved 1048576K
Event: 346.089 GC heap after
Heap after GC invocations=13 (full 2):
 PSYoungGen      total 137216K, used 480K [0x00000000eb800000, 0x00000000f6e80000, 0x0000000100000000)
  eden space 122880K, 0% used [0x00000000eb800000,0x00000000eb800000,0x00000000f3000000)
  from space 14336K, 3% used [0x00000000f3000000,0x00000000f3078000,0x00000000f3e00000)
  to   space 14848K, 0% used [0x00000000f6000000,0x00000000f6000000,0x00000000f6e80000)
 ParOldGen       total 65536K, used 23692K [0x00000000c2800000, 0x00000000c6800000, 0x00000000eb800000)
  object space 65536K, 36% used [0x00000000c2800000,0x00000000c3f23080,0x00000000c6800000)
 Metaspace       used 35351K, capacity 35842K, committed 36184K, reserved 1081344K
  class space    used 4461K, capacity 4583K, committed 4608K, reserved 1048576K
}
Event: 346.089 GC heap before
{Heap before GC invocations=14 (full 3):
 PSYoungGen      total 137216K, used 480K [0x00000000eb800000, 0x00000000f6e80000, 0x0000000100000000)
  eden space 122880K, 0% used [0x00000000eb800000,0x00000000eb800000,0x00000000f3000000)
  from space 14336K, 3% used [0x00000000f3000000,0x00000000f3078000,0x00000000f3e00000)
  to   space 14848K, 0% used [0x00000000f6000000,0x00000000f6000000,0x00000000f6e80000)
 ParOldGen       total 65536K, used 23692K [0x00000000c2800000, 0x00000000c6800000, 0x00000000eb800000)
  object space 65536K, 36% used [0x00000000c2800000,0x00000000c3f23080,0x00000000c6800000)
 Metaspace       used 35351K, capacity 35842K, committed 36184K, reserved 1081344K
  class space    used 4461K, capacity 4583K, committed 4608K, reserved 1048576K
Event: 346.249 GC heap after
Heap after GC invocations=14 (full 3):
 PSYoungGen      total 137216K, used 0K [0x00000000eb800000, 0x00000000f6e80000, 0x0000000100000000)
  eden space 122880K, 0% used [0x00000000eb800000,0x00000000eb800000,0x00000000f3000000)
  from space 14336K, 0% used [0x00000000f3000000,0x00000000f3000000,0x00000000f3e00000)
  to   space 14848K, 0% used [0x00000000f6000000,0x00000000f6000000,0x00000000f6e80000)
 ParOldGen       total 65536K, used 19999K [0x00000000c2800000, 0x00000000c6800000, 0x00000000eb800000)
  object space 65536K, 30% used [0x00000000c2800000,0x00000000c3b87e48,0x00000000c6800000)
 Metaspace       used 35351K, capacity 35842K, committed 36184K, reserved 1081344K
  class space    used 4461K, capacity 4583K, committed 4608K, reserved 1048576K
}
Event: 348.856 GC heap before
{Heap before GC invocations=15 (full 3):
 PSYoungGen      total 137216K, used 122880K [0x00000000eb800000, 0x00000000f6e80000, 0x0000000100000000)
  eden space 122880K, 100% used [0x00000000eb800000,0x00000000f3000000,0x00000000f3000000)
  from space 14336K, 0% used [0x00000000f3000000,0x00000000f3000000,0x00000000f3e00000)
  to   space 14848K, 0% used [0x00000000f6000000,0x00000000f6000000,0x00000000f6e80000)
 ParOldGen       total 65536K, used 19999K [0x00000000c2800000, 0x00000000c6800000, 0x00000000eb800000)
  object space 65536K, 30% used [0x00000000c2800000,0x00000000c3b87e48,0x00000000c6800000)
 Metaspace       used 35943K, capacity 36538K, committed 36824K, reserved 1081344K
  class space    used 4498K, capacity 4655K, committed 4736K, reserved 1048576K
Event: 348.866 GC heap after
Heap after GC invocations=15 (full 3):
 PSYoungGen      total 162816K, used 6581K [0x00000000eb800000, 0x00000000f6900000, 0x0000000100000000)
  eden space 153600K, 0% used [0x00000000eb800000,0x00000000eb800000,0x00000000f4e00000)
  from space 9216K, 71% used [0x00000000f6000000,0x00000000f666d6c8,0x00000000f6900000)
  to   space 13824K, 0% used [0x00000000f4e00000,0x00000000f4e00000,0x00000000f5b80000)
 ParOldGen       total 65536K, used 20007K [0x00000000c2800000, 0x00000000c6800000, 0x00000000eb800000)
  object space 65536K, 30% used [0x00000000c2800000,0x00000000c3b89e48,0x00000000c6800000)
 Metaspace       used 35943K, capacity 36538K, committed 36824K, reserved 1081344K
  class space    used 4498K, capacity 4655K, committed 4736K, reserved 1048576K
}

