# JRE version: Java(TM) SE Runtime Environment (8.0_131-b11) (build 1.8.0_131-b11)
# Java VM: Java HotSpot(TM) 64-Bit Server VM (25.131-b11 mixed mode windows-amd64 compressed oops)
Heap:
 PSYoungGen      total 245248K, used 146926K [0x00000000d6000000, 0x00000000ec700000, 0x0000000100000000)
  eden space 227840K, 64% used [0x00000000d6000000,0x00000000def7b878,0x00000000e3e80000)
  from space 17408K, 0% used [0x00000000e3e80000,0x00000000e3e80000,0x00000000e4f80000)
  to   space 18432K, 0% used [0x00000000eb500000,0x00000000eb500000,0x00000000ec700000)
 ParOldGen       total 74752K, used 22764K [0x0000000082000000, 0x0000000086900000, 0x00000000d6000000)
  object space 74752K, 30% used [0x0000000082000000,0x000000008363b1f0,0x0000000086900000)
 Metaspace       used 39476K, capacity 40048K, committed 40232K, reserved 1085440K
  class space    used 4978K, capacity 5123K, committed 5160K, reserved 1048576K
GC Heap History (10 events):
Event: 1.478 GC heap before
{Heap before GC invocations=7 (full 1):
 PSYoungGen      total 140800K, used 5345K [0x00000000d6000000, 0x00000000df300000, 0x0000000100000000)
  eden space 131072K, 0% used [0x00000000d6000000,0x00000000d6000000,0x00000000de000000)
  from space 9728K, 54% used [0x00000000de980000,0x00000000deeb86a0,0x00000000df300000)
  to   space 9728K, 0% used [0x00000000de000000,0x00000000de000000,0x00000000de980000)
 ParOldGen       total 86016K, used 10856K [0x0000000082000000, 0x0000000087400000, 0x00000000d6000000)
  object space 86016K, 12% used [0x0000000082000000,0x0000000082a9a1c0,0x0000000087400000)
 Metaspace       used 20756K, capacity 21172K, committed 21296K, reserved 1069056K
  class space    used 2543K, capacity 2661K, committed 2688K, reserved 1048576K
Event: 1.510 GC heap after
Heap after GC invocations=7 (full 1):
 PSYoungGen      total 140800K, used 0K [0x00000000d6000000, 0x00000000df300000, 0x0000000100000000)
  eden space 131072K, 0% used [0x00000000d6000000,0x00000000d6000000,0x00000000de000000)
  from space 9728K, 0% used [0x00000000de980000,0x00000000de980000,0x00000000df300000)
  to   space 9728K, 0% used [0x00000000de000000,0x00000000de000000,0x00000000de980000)
 ParOldGen       total 50688K, used 7330K [0x0000000082000000, 0x0000000085180000, 0x00000000d6000000)
  object space 50688K, 14% used [0x0000000082000000,0x0000000082728858,0x0000000085180000)
 Metaspace       used 20756K, capacity 21172K, committed 21296K, reserved 1069056K
  class space    used 2543K, capacity 2661K, committed 2688K, reserved 1048576K
}
Event: 13.813 GC heap before
{Heap before GC invocations=8 (full 1):
 PSYoungGen      total 140800K, used 131072K [0x00000000d6000000, 0x00000000df300000, 0x0000000100000000)
  eden space 131072K, 100% used [0x00000000d6000000,0x00000000de000000,0x00000000de000000)
  from space 9728K, 0% used [0x00000000de980000,0x00000000de980000,0x00000000df300000)
  to   space 9728K, 0% used [0x00000000de000000,0x00000000de000000,0x00000000de980000)
 ParOldGen       total 50688K, used 7330K [0x0000000082000000, 0x0000000085180000, 0x00000000d6000000)
  object space 50688K, 14% used [0x0000000082000000,0x0000000082728858,0x0000000085180000)
 Metaspace       used 28697K, capacity 29118K, committed 29312K, reserved 1075200K
  class space    used 3543K, capacity 3660K, committed 3712K, reserved 1048576K
Event: 13.823 GC heap after
Heap after GC invocations=8 (full 1):
 PSYoungGen      total 140800K, used 9713K [0x00000000d6000000, 0x00000000e5f00000, 0x0000000100000000)
  eden space 131072K, 0% used [0x00000000d6000000,0x00000000d6000000,0x00000000de000000)
  from space 9728K, 99% used [0x00000000de000000,0x00000000de97c468,0x00000000de980000)
  to   space 13312K, 0% used [0x00000000e5200000,0x00000000e5200000,0x00000000e5f00000)
 ParOldGen       total 50688K, used 11985K [0x0000000082000000, 0x0000000085180000, 0x00000000d6000000)
  object space 50688K, 23% used [0x0000000082000000,0x0000000082bb4720,0x0000000085180000)
 Metaspace       used 28697K, capacity 29118K, committed 29312K, reserved 1075200K
  class space    used 3543K, capacity 3660K, committed 3712K, reserved 1048576K
}
Event: 17.639 GC heap before
{Heap before GC invocations=9 (full 1):
 PSYoungGen      total 140800K, used 140785K [0x00000000d6000000, 0x00000000e5f00000, 0x0000000100000000)
  eden space 131072K, 100% used [0x00000000d6000000,0x00000000de000000,0x00000000de000000)
  from space 9728K, 99% used [0x00000000de000000,0x00000000de97c468,0x00000000de980000)
  to   space 13312K, 0% used [0x00000000e5200000,0x00000000e5200000,0x00000000e5f00000)
 ParOldGen       total 50688K, used 11985K [0x0000000082000000, 0x0000000085180000, 0x00000000d6000000)
  object space 50688K, 23% used [0x0000000082000000,0x0000000082bb4720,0x0000000085180000)
 Metaspace       used 34604K, capacity 35158K, committed 35456K, reserved 1081344K
  class space    used 4327K, capacity 4464K, committed 4480K, reserved 1048576K
Event: 17.655 GC heap after
Heap after GC invocations=9 (full 1):
 PSYoungGen      total 241152K, used 13289K [0x00000000d6000000, 0x00000000e6080000, 0x0000000100000000)
  eden space 227840K, 0% used [0x00000000d6000000,0x00000000d6000000,0x00000000e3e80000)
  from space 13312K, 99% used [0x00000000e5200000,0x00000000e5efa6e0,0x00000000e5f00000)
  to   space 17408K, 0% used [0x00000000e3e80000,0x00000000e3e80000,0x00000000e4f80000)
 ParOldGen       total 50688K, used 17601K [0x0000000082000000, 0x0000000085180000, 0x00000000d6000000)
  object space 50688K, 34% used [0x0000000082000000,0x00000000831304f8,0x0000000085180000)
 Metaspace       used 34604K, capacity 35158K, committed 35456K, reserved 1081344K
  class space    used 4327K, capacity 4464K, committed 4480K, reserved 1048576K
}
Event: 17.759 GC heap before
{Heap before GC invocations=10 (full 1):
 PSYoungGen      total 241152K, used 31142K [0x00000000d6000000, 0x00000000e6080000, 0x0000000100000000)
  eden space 227840K, 7% used [0x00000000d6000000,0x00000000d716f258,0x00000000e3e80000)
  from space 13312K, 99% used [0x00000000e5200000,0x00000000e5efa6e0,0x00000000e5f00000)
  to   space 17408K, 0% used [0x00000000e3e80000,0x00000000e3e80000,0x00000000e4f80000)
 ParOldGen       total 50688K, used 17601K [0x0000000082000000, 0x0000000085180000, 0x00000000d6000000)
  object space 50688K, 34% used [0x0000000082000000,0x00000000831304f8,0x0000000085180000)
 Metaspace       used 34818K, capacity 35388K, committed 35496K, reserved 1081344K
  class space    used 4356K, capacity 4497K, committed 4520K, reserved 1048576K
Event: 17.768 GC heap after
Heap after GC invocations=10 (full 1):
 PSYoungGen      total 245248K, used 14105K [0x00000000d6000000, 0x00000000ec700000, 0x0000000100000000)
  eden space 227840K, 0% used [0x00000000d6000000,0x00000000d6000000,0x00000000e3e80000)
  from space 17408K, 81% used [0x00000000e3e80000,0x00000000e4c466f0,0x00000000e4f80000)
  to   space 18432K, 0% used [0x00000000eb500000,0x00000000eb500000,0x00000000ec700000)
 ParOldGen       total 50688K, used 17609K [0x0000000082000000, 0x0000000085180000, 0x00000000d6000000)
  object space 50688K, 34% used [0x0000000082000000,0x00000000831324f8,0x0000000085180000)
 Metaspace       used 34818K, capacity 35388K, committed 35496K, reserved 1081344K
  class space    used 4356K, capacity 4497K, committed 4520K, reserved 1048576K
}
Event: 17.768 GC heap before
{Heap before GC invocations=11 (full 2):
 PSYoungGen      total 245248K, used 14105K [0x00000000d6000000, 0x00000000ec700000, 0x0000000100000000)
  eden space 227840K, 0% used [0x00000000d6000000,0x00000000d6000000,0x00000000e3e80000)
  from space 17408K, 81% used [0x00000000e3e80000,0x00000000e4c466f0,0x00000000e4f80000)
  to   space 18432K, 0% used [0x00000000eb500000,0x00000000eb500000,0x00000000ec700000)
 ParOldGen       total 50688K, used 17609K [0x0000000082000000, 0x0000000085180000, 0x00000000d6000000)
  object space 50688K, 34% used [0x0000000082000000,0x00000000831324f8,0x0000000085180000)
 Metaspace       used 34818K, capacity 35388K, committed 35496K, reserved 1081344K
  class space    used 4356K, capacity 4497K, committed 4520K, reserved 1048576K
Event: 17.816 GC heap after
Heap after GC invocations=11 (full 2):
 PSYoungGen      total 245248K, used 0K [0x00000000d6000000, 0x00000000ec700000, 0x0000000100000000)
  eden space 227840K, 0% used [0x00000000d6000000,0x00000000d6000000,0x00000000e3e80000)
  from space 17408K, 0% used [0x00000000e3e80000,0x00000000e3e80000,0x00000000e4f80000)
  to   space 18432K, 0% used [0x00000000eb500000,0x00000000eb500000,0x00000000ec700000)
 ParOldGen       total 74752K, used 22764K [0x0000000082000000, 0x0000000086900000, 0x00000000d6000000)
  object space 74752K, 30% used [0x0000000082000000,0x000000008363b1f0,0x0000000086900000)
 Metaspace       used 34818K, capacity 35388K, committed 35496K, reserved 1081344K
  class space    used 4356K, capacity 4497K, committed 4520K, reserved 1048576K
}

