# JRE version: Java(TM) SE Runtime Environment (8.0_131-b11) (build 1.8.0_131-b11)
# Java VM: Java HotSpot(TM) 64-Bit Server VM (25.131-b11 mixed mode windows-amd64 compressed oops)
Heap:
 PSYoungGen      total 218112K, used 158334K [0x00000000d6000000, 0x00000000e4a00000, 0x0000000100000000)
  eden space 211968K, 74% used [0x00000000d6000000,0x00000000dfa9fb18,0x00000000e2f00000)
  from space 6144K, 0% used [0x00000000e2f00000,0x00000000e2f00000,0x00000000e3500000)
  to   space 13824K, 0% used [0x00000000e3c80000,0x00000000e3c80000,0x00000000e4a00000)
 ParOldGen       total 59904K, used 23590K [0x0000000082000000, 0x0000000085a80000, 0x00000000d6000000)
  object space 59904K, 39% used [0x0000000082000000,0x0000000083709848,0x0000000085a80000)
 Metaspace       used 37768K, capacity 39038K, committed 39296K, reserved 1083392K
  class space    used 4553K, capacity 4933K, committed 4992K, reserved 1048576K
GC Heap History (10 events):
Event: 923.025 GC heap before
{Heap before GC invocations=23 (full 8):
 PSYoungGen      total 218112K, used 5797K [0x00000000d6000000, 0x00000000e4c00000, 0x0000000100000000)
  eden space 211968K, 0% used [0x00000000d6000000,0x00000000d6000000,0x00000000e2f00000)
  from space 6144K, 94% used [0x00000000e2f00000,0x00000000e34a9548,0x00000000e3500000)
  to   space 14848K, 0% used [0x00000000e3d80000,0x00000000e3d80000,0x00000000e4c00000)
 ParOldGen       total 59904K, used 23186K [0x0000000082000000, 0x0000000085a80000, 0x00000000d6000000)
  object space 59904K, 38% used [0x0000000082000000,0x00000000836a49f8,0x0000000085a80000)
 Metaspace       used 36786K, capacity 37770K, committed 38144K, reserved 1083392K
  class space    used 4471K, capacity 4780K, committed 4864K, reserved 1048576K
Event: 923.072 GC heap after
Heap after GC invocations=23 (full 8):
 PSYoungGen      total 218112K, used 0K [0x00000000d6000000, 0x00000000e4c00000, 0x0000000100000000)
  eden space 211968K, 0% used [0x00000000d6000000,0x00000000d6000000,0x00000000e2f00000)
  from space 6144K, 0% used [0x00000000e2f00000,0x00000000e2f00000,0x00000000e3500000)
  to   space 14848K, 0% used [0x00000000e3d80000,0x00000000e3d80000,0x00000000e4c00000)
 ParOldGen       total 59904K, used 23301K [0x0000000082000000, 0x0000000085a80000, 0x00000000d6000000)
  object space 59904K, 38% used [0x0000000082000000,0x00000000836c16a0,0x0000000085a80000)
 Metaspace       used 36784K, capacity 37764K, committed 38144K, reserved 1083392K
  class space    used 4470K, capacity 4778K, committed 4864K, reserved 1048576K
}
Event: 1010.863 GC heap before
{Heap before GC invocations=24 (full 8):
 PSYoungGen      total 218112K, used 171050K [0x00000000d6000000, 0x00000000e4c00000, 0x0000000100000000)
  eden space 211968K, 80% used [0x00000000d6000000,0x00000000e070a890,0x00000000e2f00000)
  from space 6144K, 0% used [0x00000000e2f00000,0x00000000e2f00000,0x00000000e3500000)
  to   space 14848K, 0% used [0x00000000e3d80000,0x00000000e3d80000,0x00000000e4c00000)
 ParOldGen       total 59904K, used 23301K [0x0000000082000000, 0x0000000085a80000, 0x00000000d6000000)
  object space 59904K, 38% used [0x0000000082000000,0x00000000836c16a0,0x0000000085a80000)
 Metaspace       used 37185K, capacity 38396K, committed 38656K, reserved 1083392K
  class space    used 4509K, capacity 4851K, committed 4864K, reserved 1048576K
Event: 1010.867 GC heap after
Heap after GC invocations=24 (full 8):
 PSYoungGen      total 225792K, used 5705K [0x00000000d6000000, 0x00000000e4b00000, 0x0000000100000000)
  eden space 211968K, 0% used [0x00000000d6000000,0x00000000d6000000,0x00000000e2f00000)
  from space 13824K, 41% used [0x00000000e3d80000,0x00000000e43124b8,0x00000000e4b00000)
  to   space 14336K, 0% used [0x00000000e2f00000,0x00000000e2f00000,0x00000000e3d00000)
 ParOldGen       total 59904K, used 23309K [0x0000000082000000, 0x0000000085a80000, 0x00000000d6000000)
  object space 59904K, 38% used [0x0000000082000000,0x00000000836c36a0,0x0000000085a80000)
 Metaspace       used 37185K, capacity 38396K, committed 38656K, reserved 1083392K
  class space    used 4509K, capacity 4851K, committed 4864K, reserved 1048576K
}
Event: 1010.867 GC heap before
{Heap before GC invocations=25 (full 9):
 PSYoungGen      total 225792K, used 5705K [0x00000000d6000000, 0x00000000e4b00000, 0x0000000100000000)
  eden space 211968K, 0% used [0x00000000d6000000,0x00000000d6000000,0x00000000e2f00000)
  from space 13824K, 41% used [0x00000000e3d80000,0x00000000e43124b8,0x00000000e4b00000)
  to   space 14336K, 0% used [0x00000000e2f00000,0x00000000e2f00000,0x00000000e3d00000)
 ParOldGen       total 59904K, used 23309K [0x0000000082000000, 0x0000000085a80000, 0x00000000d6000000)
  object space 59904K, 38% used [0x0000000082000000,0x00000000836c36a0,0x0000000085a80000)
 Metaspace       used 37185K, capacity 38396K, committed 38656K, reserved 1083392K
  class space    used 4509K, capacity 4851K, committed 4864K, reserved 1048576K
Event: 1010.971 GC heap after
Heap after GC invocations=25 (full 9):
 PSYoungGen      total 225792K, used 0K [0x00000000d6000000, 0x00000000e4b00000, 0x0000000100000000)
  eden space 211968K, 0% used [0x00000000d6000000,0x00000000d6000000,0x00000000e2f00000)
  from space 13824K, 0% used [0x00000000e3d80000,0x00000000e3d80000,0x00000000e4b00000)
  to   space 14336K, 0% used [0x00000000e2f00000,0x00000000e2f00000,0x00000000e3d00000)
 ParOldGen       total 59904K, used 23426K [0x0000000082000000, 0x0000000085a80000, 0x00000000d6000000)
  object space 59904K, 39% used [0x0000000082000000,0x00000000836e0b40,0x0000000085a80000)
 Metaspace       used 37183K, capacity 38390K, committed 38656K, reserved 1083392K
  class space    used 4509K, capacity 4849K, committed 4864K, reserved 1048576K
}
Event: 1055.133 GC heap before
{Heap before GC invocations=26 (full 9):
 PSYoungGen      total 225792K, used 169116K [0x00000000d6000000, 0x00000000e4b00000, 0x0000000100000000)
  eden space 211968K, 79% used [0x00000000d6000000,0x00000000e0527288,0x00000000e2f00000)
  from space 13824K, 0% used [0x00000000e3d80000,0x00000000e3d80000,0x00000000e4b00000)
  to   space 14336K, 0% used [0x00000000e2f00000,0x00000000e2f00000,0x00000000e3d00000)
 ParOldGen       total 59904K, used 23426K [0x0000000082000000, 0x0000000085a80000, 0x00000000d6000000)
  object space 59904K, 39% used [0x0000000082000000,0x00000000836e0b40,0x0000000085a80000)
 Metaspace       used 37484K, capacity 38656K, committed 38784K, reserved 1083392K
  class space    used 4532K, capacity 4893K, committed 4992K, reserved 1048576K
Event: 1055.136 GC heap after
Heap after GC invocations=26 (full 9):
 PSYoungGen      total 218112K, used 5681K [0x00000000d6000000, 0x00000000e4a00000, 0x0000000100000000)
  eden space 211968K, 0% used [0x00000000d6000000,0x00000000d6000000,0x00000000e2f00000)
  from space 6144K, 92% used [0x00000000e2f00000,0x00000000e348c758,0x00000000e3500000)
  to   space 13824K, 0% used [0x00000000e3c80000,0x00000000e3c80000,0x00000000e4a00000)
 ParOldGen       total 59904K, used 23434K [0x0000000082000000, 0x0000000085a80000, 0x00000000d6000000)
  object space 59904K, 39% used [0x0000000082000000,0x00000000836e2b40,0x0000000085a80000)
 Metaspace       used 37484K, capacity 38656K, committed 38784K, reserved 1083392K
  class space    used 4532K, capacity 4893K, committed 4992K, reserved 1048576K
}
Event: 1055.136 GC heap before
{Heap before GC invocations=27 (full 10):
 PSYoungGen      total 218112K, used 5681K [0x00000000d6000000, 0x00000000e4a00000, 0x0000000100000000)
  eden space 211968K, 0% used [0x00000000d6000000,0x00000000d6000000,0x00000000e2f00000)
  from space 6144K, 92% used [0x00000000e2f00000,0x00000000e348c758,0x00000000e3500000)
  to   space 13824K, 0% used [0x00000000e3c80000,0x00000000e3c80000,0x00000000e4a00000)
 ParOldGen       total 59904K, used 23434K [0x0000000082000000, 0x0000000085a80000, 0x00000000d6000000)
  object space 59904K, 39% used [0x0000000082000000,0x00000000836e2b40,0x0000000085a80000)
 Metaspace       used 37484K, capacity 38656K, committed 38784K, reserved 1083392K
  class space    used 4532K, capacity 4893K, committed 4992K, reserved 1048576K
Event: 1055.210 GC heap after
Heap after GC invocations=27 (full 10):
 PSYoungGen      total 218112K, used 0K [0x00000000d6000000, 0x00000000e4a00000, 0x0000000100000000)
  eden space 211968K, 0% used [0x00000000d6000000,0x00000000d6000000,0x00000000e2f00000)
  from space 6144K, 0% used [0x00000000e2f00000,0x00000000e2f00000,0x00000000e3500000)
  to   space 13824K, 0% used [0x00000000e3c80000,0x00000000e3c80000,0x00000000e4a00000)
 ParOldGen       total 59904K, used 23590K [0x0000000082000000, 0x0000000085a80000, 0x00000000d6000000)
  object space 59904K, 39% used [0x0000000082000000,0x0000000083709848,0x0000000085a80000)
 Metaspace       used 37482K, capacity 38650K, committed 38784K, reserved 1083392K
  class space    used 4531K, capacity 4891K, committed 4992K, reserved 1048576K
}

