# JRE version: Java(TM) SE Runtime Environment (8.0_131-b11) (build 1.8.0_131-b11)
# Java VM: Java HotSpot(TM) 64-Bit Server VM (25.131-b11 mixed mode windows-amd64 compressed oops)
Heap:
 PSYoungGen      total 140288K, used 5981K [0x00000000d6000000, 0x00000000e2700000, 0x0000000100000000)
  eden space 126464K, 4% used [0x00000000d6000000,0x00000000d65d7790,0x00000000ddb80000)
  from space 13824K, 0% used [0x00000000dec80000,0x00000000dec80000,0x00000000dfa00000)
  to   space 17408K, 0% used [0x00000000ddb80000,0x00000000ddb80000,0x00000000dec80000)
 ParOldGen       total 105472K, used 23409K [0x0000000082000000, 0x0000000088700000, 0x00000000d6000000)
  object space 105472K, 22% used [0x0000000082000000,0x00000000836dc418,0x0000000088700000)
 Metaspace       used 35108K, capacity 35606K, committed 35880K, reserved 1081344K
  class space    used 4410K, capacity 4548K, committed 4648K, reserved 1048576K
GC Heap History (10 events):
Event: 1.414 GC heap before
{Heap before GC invocations=6 (full 1):
 PSYoungGen      total 70656K, used 5112K [0x00000000d6000000, 0x00000000df300000, 0x0000000100000000)
  eden space 65536K, 0% used [0x00000000d6000000,0x00000000d6000000,0x00000000da000000)
  from space 5120K, 99% used [0x00000000da000000,0x00000000da4fe010,0x00000000da500000)
  to   space 9728K, 0% used [0x00000000de980000,0x00000000de980000,0x00000000df300000)
 ParOldGen       total 86016K, used 10108K [0x0000000082000000, 0x0000000087400000, 0x00000000d6000000)
  object space 86016K, 11% used [0x0000000082000000,0x00000000829df338,0x0000000087400000)
 Metaspace       used 20808K, capacity 21192K, committed 21296K, reserved 1069056K
  class space    used 2552K, capacity 2627K, committed 2688K, reserved 1048576K
Event: 1.458 GC heap after
Heap after GC invocations=6 (full 1):
 PSYoungGen      total 70656K, used 0K [0x00000000d6000000, 0x00000000df300000, 0x0000000100000000)
  eden space 65536K, 0% used [0x00000000d6000000,0x00000000d6000000,0x00000000da000000)
  from space 5120K, 0% used [0x00000000da000000,0x00000000da000000,0x00000000da500000)
  to   space 9728K, 0% used [0x00000000de980000,0x00000000de980000,0x00000000df300000)
 ParOldGen       total 63488K, used 9349K [0x0000000082000000, 0x0000000085e00000, 0x00000000d6000000)
  object space 63488K, 14% used [0x0000000082000000,0x00000000829215d0,0x0000000085e00000)
 Metaspace       used 20808K, capacity 21192K, committed 21296K, reserved 1069056K
  class space    used 2552K, capacity 2627K, committed 2688K, reserved 1048576K
}
Event: 2.143 GC heap before
{Heap before GC invocations=7 (full 1):
 PSYoungGen      total 70656K, used 65536K [0x00000000d6000000, 0x00000000df300000, 0x0000000100000000)
  eden space 65536K, 100% used [0x00000000d6000000,0x00000000da000000,0x00000000da000000)
  from space 5120K, 0% used [0x00000000da000000,0x00000000da000000,0x00000000da500000)
  to   space 9728K, 0% used [0x00000000de980000,0x00000000de980000,0x00000000df300000)
 ParOldGen       total 63488K, used 9349K [0x0000000082000000, 0x0000000085e00000, 0x00000000d6000000)
  object space 63488K, 14% used [0x0000000082000000,0x00000000829215d0,0x0000000085e00000)
 Metaspace       used 26240K, capacity 26656K, committed 27008K, reserved 1073152K
  class space    used 3247K, capacity 3399K, committed 3456K, reserved 1048576K
Event: 2.149 GC heap after
Heap after GC invocations=7 (full 1):
 PSYoungGen      total 104448K, used 9709K [0x00000000d6000000, 0x00000000df300000, 0x0000000100000000)
  eden space 94720K, 0% used [0x00000000d6000000,0x00000000d6000000,0x00000000dbc80000)
  from space 9728K, 99% used [0x00000000de980000,0x00000000df2fb778,0x00000000df300000)
  to   space 10752K, 0% used [0x00000000dde00000,0x00000000dde00000,0x00000000de880000)
 ParOldGen       total 63488K, used 9700K [0x0000000082000000, 0x0000000085e00000, 0x00000000d6000000)
  object space 63488K, 15% used [0x0000000082000000,0x00000000829793e8,0x0000000085e00000)
 Metaspace       used 26240K, capacity 26656K, committed 27008K, reserved 1073152K
  class space    used 3247K, capacity 3399K, committed 3456K, reserved 1048576K
}
Event: 28.261 GC heap before
{Heap before GC invocations=8 (full 1):
 PSYoungGen      total 104448K, used 104429K [0x00000000d6000000, 0x00000000df300000, 0x0000000100000000)
  eden space 94720K, 100% used [0x00000000d6000000,0x00000000dbc80000,0x00000000dbc80000)
  from space 9728K, 99% used [0x00000000de980000,0x00000000df2fb778,0x00000000df300000)
  to   space 10752K, 0% used [0x00000000dde00000,0x00000000dde00000,0x00000000de880000)
 ParOldGen       total 63488K, used 9700K [0x0000000082000000, 0x0000000085e00000, 0x00000000d6000000)
  object space 63488K, 15% used [0x0000000082000000,0x00000000829793e8,0x0000000085e00000)
 Metaspace       used 29932K, capacity 30432K, committed 30720K, reserved 1077248K
  class space    used 3705K, capacity 3831K, committed 3840K, reserved 1048576K
Event: 28.271 GC heap after
Heap after GC invocations=8 (full 1):
 PSYoungGen      total 139776K, used 10741K [0x00000000d6000000, 0x00000000dfa00000, 0x0000000100000000)
  eden space 129024K, 0% used [0x00000000d6000000,0x00000000d6000000,0x00000000dde00000)
  from space 10752K, 99% used [0x00000000dde00000,0x00000000de87d7f0,0x00000000de880000)
  to   space 13824K, 0% used [0x00000000dec80000,0x00000000dec80000,0x00000000dfa00000)
 ParOldGen       total 63488K, used 13212K [0x0000000082000000, 0x0000000085e00000, 0x00000000d6000000)
  object space 63488K, 20% used [0x0000000082000000,0x0000000082ce7258,0x0000000085e00000)
 Metaspace       used 29932K, capacity 30432K, committed 30720K, reserved 1077248K
  class space    used 3705K, capacity 3831K, committed 3840K, reserved 1048576K
}
Event: 146.786 GC heap before
{Heap before GC invocations=9 (full 1):
 PSYoungGen      total 139776K, used 132158K [0x00000000d6000000, 0x00000000dfa00000, 0x0000000100000000)
  eden space 129024K, 94% used [0x00000000d6000000,0x00000000dd6921f0,0x00000000dde00000)
  from space 10752K, 99% used [0x00000000dde00000,0x00000000de87d7f0,0x00000000de880000)
  to   space 13824K, 0% used [0x00000000dec80000,0x00000000dec80000,0x00000000dfa00000)
 ParOldGen       total 63488K, used 13212K [0x0000000082000000, 0x0000000085e00000, 0x00000000d6000000)
  object space 63488K, 20% used [0x0000000082000000,0x0000000082ce7258,0x0000000085e00000)
 Metaspace       used 34935K, capacity 35382K, committed 35496K, reserved 1081344K
  class space    used 4387K, capacity 4516K, committed 4520K, reserved 1048576K
Event: 146.798 GC heap after
Heap after GC invocations=9 (full 1):
 PSYoungGen      total 140288K, used 13793K [0x00000000d6000000, 0x00000000e2700000, 0x0000000100000000)
  eden space 126464K, 0% used [0x00000000d6000000,0x00000000d6000000,0x00000000ddb80000)
  from space 13824K, 99% used [0x00000000dec80000,0x00000000df9f8560,0x00000000dfa00000)
  to   space 17408K, 0% used [0x00000000ddb80000,0x00000000ddb80000,0x00000000dec80000)
 ParOldGen       total 63488K, used 17338K [0x0000000082000000, 0x0000000085e00000, 0x00000000d6000000)
  object space 63488K, 27% used [0x0000000082000000,0x00000000830ee810,0x0000000085e00000)
 Metaspace       used 34935K, capacity 35382K, committed 35496K, reserved 1081344K
  class space    used 4387K, capacity 4516K, committed 4520K, reserved 1048576K
}
Event: 146.798 GC heap before
{Heap before GC invocations=10 (full 2):
 PSYoungGen      total 140288K, used 13793K [0x00000000d6000000, 0x00000000e2700000, 0x0000000100000000)
  eden space 126464K, 0% used [0x00000000d6000000,0x00000000d6000000,0x00000000ddb80000)
  from space 13824K, 99% used [0x00000000dec80000,0x00000000df9f8560,0x00000000dfa00000)
  to   space 17408K, 0% used [0x00000000ddb80000,0x00000000ddb80000,0x00000000dec80000)
 ParOldGen       total 63488K, used 17338K [0x0000000082000000, 0x0000000085e00000, 0x00000000d6000000)
  object space 63488K, 27% used [0x0000000082000000,0x00000000830ee810,0x0000000085e00000)
 Metaspace       used 34935K, capacity 35382K, committed 35496K, reserved 1081344K
  class space    used 4387K, capacity 4516K, committed 4520K, reserved 1048576K
Event: 146.864 GC heap after
Heap after GC invocations=10 (full 2):
 PSYoungGen      total 140288K, used 0K [0x00000000d6000000, 0x00000000e2700000, 0x0000000100000000)
  eden space 126464K, 0% used [0x00000000d6000000,0x00000000d6000000,0x00000000ddb80000)
  from space 13824K, 0% used [0x00000000dec80000,0x00000000dec80000,0x00000000dfa00000)
  to   space 17408K, 0% used [0x00000000ddb80000,0x00000000ddb80000,0x00000000dec80000)
 ParOldGen       total 105472K, used 23409K [0x0000000082000000, 0x0000000088700000, 0x00000000d6000000)
  object space 105472K, 22% used [0x0000000082000000,0x00000000836dc418,0x0000000088700000)
 Metaspace       used 34935K, capacity 35382K, committed 35496K, reserved 1081344K
  class space    used 4387K, capacity 4516K, committed 4520K, reserved 1048576K
}

