# JRE version: Java(TM) SE Runtime Environment (8.0_131-b11) (build 1.8.0_131-b11)
# Java VM: Java HotSpot(TM) 64-Bit Server VM (25.131-b11 mixed mode windows-amd64 compressed oops)
Heap:
 PSYoungGen      total 197632K, used 25330K [0x00000000d6000000, 0x00000000e3880000, 0x0000000100000000)
  eden space 186880K, 9% used [0x00000000d6000000,0x00000000d71b4210,0x00000000e1680000)
  from space 10752K, 66% used [0x00000000e2e00000,0x00000000e35088d8,0x00000000e3880000)
  to   space 17408K, 0% used [0x00000000e1680000,0x00000000e1680000,0x00000000e2780000)
 ParOldGen       total 96768K, used 19804K [0x0000000082000000, 0x0000000087e80000, 0x00000000d6000000)
  object space 96768K, 20% used [0x0000000082000000,0x00000000833571d0,0x0000000087e80000)
 Metaspace       used 36081K, capacity 36772K, committed 37032K, reserved 1081344K
  class space    used 4485K, capacity 4662K, committed 4776K, reserved 1048576K
GC Heap History (10 events):
Event: 70.777 GC heap before
{Heap before GC invocations=9 (full 1):
 PSYoungGen      total 139776K, used 131954K [0x00000000d6000000, 0x00000000e0b80000, 0x0000000100000000)
  eden space 129024K, 93% used [0x00000000d6000000,0x00000000dd65cfe0,0x00000000dde00000)
  from space 10752K, 99% used [0x00000000dde00000,0x00000000de87f9a0,0x00000000de880000)
  to   space 13824K, 0% used [0x00000000dfe00000,0x00000000dfe00000,0x00000000e0b80000)
 ParOldGen       total 60416K, used 13557K [0x0000000082000000, 0x0000000085b00000, 0x00000000d6000000)
  object space 60416K, 22% used [0x0000000082000000,0x0000000082d3d7a8,0x0000000085b00000)
 Metaspace       used 34877K, capacity 35318K, committed 35496K, reserved 1081344K
  class space    used 4389K, capacity 4516K, committed 4520K, reserved 1048576K
Event: 70.790 GC heap after
Heap after GC invocations=9 (full 1):
 PSYoungGen      total 158208K, used 13810K [0x00000000d6000000, 0x00000000e3200000, 0x0000000100000000)
  eden space 144384K, 0% used [0x00000000d6000000,0x00000000d6000000,0x00000000ded00000)
  from space 13824K, 99% used [0x00000000dfe00000,0x00000000e0b7cb60,0x00000000e0b80000)
  to   space 17408K, 0% used [0x00000000ded00000,0x00000000ded00000,0x00000000dfe00000)
 ParOldGen       total 60416K, used 17310K [0x0000000082000000, 0x0000000085b00000, 0x00000000d6000000)
  object space 60416K, 28% used [0x0000000082000000,0x00000000830e7848,0x0000000085b00000)
 Metaspace       used 34877K, capacity 35318K, committed 35496K, reserved 1081344K
  class space    used 4389K, capacity 4516K, committed 4520K, reserved 1048576K
}
Event: 70.790 GC heap before
{Heap before GC invocations=10 (full 2):
 PSYoungGen      total 158208K, used 13810K [0x00000000d6000000, 0x00000000e3200000, 0x0000000100000000)
  eden space 144384K, 0% used [0x00000000d6000000,0x00000000d6000000,0x00000000ded00000)
  from space 13824K, 99% used [0x00000000dfe00000,0x00000000e0b7cb60,0x00000000e0b80000)
  to   space 17408K, 0% used [0x00000000ded00000,0x00000000ded00000,0x00000000dfe00000)
 ParOldGen       total 60416K, used 17310K [0x0000000082000000, 0x0000000085b00000, 0x00000000d6000000)
  object space 60416K, 28% used [0x0000000082000000,0x00000000830e7848,0x0000000085b00000)
 Metaspace       used 34877K, capacity 35318K, committed 35496K, reserved 1081344K
  class space    used 4389K, capacity 4516K, committed 4520K, reserved 1048576K
Event: 70.857 GC heap after
Heap after GC invocations=10 (full 2):
 PSYoungGen      total 158208K, used 0K [0x00000000d6000000, 0x00000000e3200000, 0x0000000100000000)
  eden space 144384K, 0% used [0x00000000d6000000,0x00000000d6000000,0x00000000ded00000)
  from space 13824K, 0% used [0x00000000dfe00000,0x00000000dfe00000,0x00000000e0b80000)
  to   space 17408K, 0% used [0x00000000ded00000,0x00000000ded00000,0x00000000dfe00000)
 ParOldGen       total 96768K, used 23296K [0x0000000082000000, 0x0000000087e80000, 0x00000000d6000000)
  object space 96768K, 24% used [0x0000000082000000,0x00000000836c00d0,0x0000000087e80000)
 Metaspace       used 34877K, capacity 35318K, committed 35496K, reserved 1081344K
  class space    used 4389K, capacity 4516K, committed 4520K, reserved 1048576K
}
Event: 149.457 GC heap before
{Heap before GC invocations=11 (full 2):
 PSYoungGen      total 158208K, used 20652K [0x00000000d6000000, 0x00000000e3200000, 0x0000000100000000)
  eden space 144384K, 14% used [0x00000000d6000000,0x00000000d742b098,0x00000000ded00000)
  from space 13824K, 0% used [0x00000000dfe00000,0x00000000dfe00000,0x00000000e0b80000)
  to   space 17408K, 0% used [0x00000000ded00000,0x00000000ded00000,0x00000000dfe00000)
 ParOldGen       total 96768K, used 23296K [0x0000000082000000, 0x0000000087e80000, 0x00000000d6000000)
  object space 96768K, 24% used [0x0000000082000000,0x00000000836c00d0,0x0000000087e80000)
 Metaspace       used 35272K, capacity 35772K, committed 36136K, reserved 1081344K
  class space    used 4441K, capacity 4582K, committed 4648K, reserved 1048576K
Event: 149.458 GC heap after
Heap after GC invocations=11 (full 2):
 PSYoungGen      total 161792K, used 480K [0x00000000d6000000, 0x00000000e3f80000, 0x0000000100000000)
  eden space 144384K, 0% used [0x00000000d6000000,0x00000000d6000000,0x00000000ded00000)
  from space 17408K, 2% used [0x00000000ded00000,0x00000000ded78000,0x00000000dfe00000)
  to   space 17920K, 0% used [0x00000000e2e00000,0x00000000e2e00000,0x00000000e3f80000)
 ParOldGen       total 96768K, used 23304K [0x0000000082000000, 0x0000000087e80000, 0x00000000d6000000)
  object space 96768K, 24% used [0x0000000082000000,0x00000000836c20d0,0x0000000087e80000)
 Metaspace       used 35272K, capacity 35772K, committed 36136K, reserved 1081344K
  class space    used 4441K, capacity 4582K, committed 4648K, reserved 1048576K
}
Event: 149.458 GC heap before
{Heap before GC invocations=12 (full 3):
 PSYoungGen      total 161792K, used 480K [0x00000000d6000000, 0x00000000e3f80000, 0x0000000100000000)
  eden space 144384K, 0% used [0x00000000d6000000,0x00000000d6000000,0x00000000ded00000)
  from space 17408K, 2% used [0x00000000ded00000,0x00000000ded78000,0x00000000dfe00000)
  to   space 17920K, 0% used [0x00000000e2e00000,0x00000000e2e00000,0x00000000e3f80000)
 ParOldGen       total 96768K, used 23304K [0x0000000082000000, 0x0000000087e80000, 0x00000000d6000000)
  object space 96768K, 24% used [0x0000000082000000,0x00000000836c20d0,0x0000000087e80000)
 Metaspace       used 35272K, capacity 35772K, committed 36136K, reserved 1081344K
  class space    used 4441K, capacity 4582K, committed 4648K, reserved 1048576K
Event: 149.535 GC heap after
Heap after GC invocations=12 (full 3):
 PSYoungGen      total 161792K, used 0K [0x00000000d6000000, 0x00000000e3f80000, 0x0000000100000000)
  eden space 144384K, 0% used [0x00000000d6000000,0x00000000d6000000,0x00000000ded00000)
  from space 17408K, 0% used [0x00000000ded00000,0x00000000ded00000,0x00000000dfe00000)
  to   space 17920K, 0% used [0x00000000e2e00000,0x00000000e2e00000,0x00000000e3f80000)
 ParOldGen       total 96768K, used 19796K [0x0000000082000000, 0x0000000087e80000, 0x00000000d6000000)
  object space 96768K, 20% used [0x0000000082000000,0x00000000833551d0,0x0000000087e80000)
 Metaspace       used 35272K, capacity 35772K, committed 36136K, reserved 1081344K
  class space    used 4441K, capacity 4582K, committed 4648K, reserved 1048576K
}
Event: 167.571 GC heap before
{Heap before GC invocations=13 (full 3):
 PSYoungGen      total 161792K, used 144384K [0x00000000d6000000, 0x00000000e3f80000, 0x0000000100000000)
  eden space 144384K, 100% used [0x00000000d6000000,0x00000000ded00000,0x00000000ded00000)
  from space 17408K, 0% used [0x00000000ded00000,0x00000000ded00000,0x00000000dfe00000)
  to   space 17920K, 0% used [0x00000000e2e00000,0x00000000e2e00000,0x00000000e3f80000)
 ParOldGen       total 96768K, used 19796K [0x0000000082000000, 0x0000000087e80000, 0x00000000d6000000)
  object space 96768K, 20% used [0x0000000082000000,0x00000000833551d0,0x0000000087e80000)
 Metaspace       used 35992K, capacity 36602K, committed 36776K, reserved 1081344K
  class space    used 4482K, capacity 4655K, committed 4776K, reserved 1048576K
Event: 167.580 GC heap after
Heap after GC invocations=13 (full 3):
 PSYoungGen      total 197632K, used 7202K [0x00000000d6000000, 0x00000000e3880000, 0x0000000100000000)
  eden space 186880K, 0% used [0x00000000d6000000,0x00000000d6000000,0x00000000e1680000)
  from space 10752K, 66% used [0x00000000e2e00000,0x00000000e35088d8,0x00000000e3880000)
  to   space 17408K, 0% used [0x00000000e1680000,0x00000000e1680000,0x00000000e2780000)
 ParOldGen       total 96768K, used 19804K [0x0000000082000000, 0x0000000087e80000, 0x00000000d6000000)
  object space 96768K, 20% used [0x0000000082000000,0x00000000833571d0,0x0000000087e80000)
 Metaspace       used 35992K, capacity 36602K, committed 36776K, reserved 1081344K
  class space    used 4482K, capacity 4655K, committed 4776K, reserved 1048576K
}

