# JRE version: Java(TM) SE Runtime Environment (8.0_131-b11) (build 1.8.0_131-b11)
# Java VM: Java HotSpot(TM) 64-Bit Server VM (25.131-b11 mixed mode windows-amd64 compressed oops)
Heap:
 PSYoungGen      total 439808K, used 250427K [0x00000000d6000000, 0x00000000f1f80000, 0x0000000100000000)
  eden space 422400K, 59% used [0x00000000d6000000,0x00000000e548ef78,0x00000000efc80000)
  from space 17408K, 0% used [0x00000000f0e80000,0x00000000f0e80000,0x00000000f1f80000)
  to   space 17920K, 0% used [0x00000000efc80000,0x00000000efc80000,0x00000000f0e00000)
 ParOldGen       total 88576K, used 26805K [0x0000000082000000, 0x0000000087680000, 0x00000000d6000000)
  object space 88576K, 30% used [0x0000000082000000,0x0000000083a2d440,0x0000000087680000)
 Metaspace       used 45962K, capacity 47102K, committed 47400K, reserved 1091584K
  class space    used 5581K, capacity 5805K, committed 5928K, reserved 1048576K
GC Heap History (10 events):
Event: 231.588 GC heap before
{Heap before GC invocations=11 (full 3):
 PSYoungGen      total 393728K, used 9831K [0x00000000d6000000, 0x00000000f2080000, 0x0000000100000000)
  eden space 374272K, 0% used [0x00000000d6000000,0x00000000d6000000,0x00000000ecd80000)
  from space 19456K, 50% used [0x00000000edf80000,0x00000000ee919c08,0x00000000ef280000)
  to   space 18432K, 0% used [0x00000000ecd80000,0x00000000ecd80000,0x00000000edf80000)
 ParOldGen       total 88576K, used 26201K [0x0000000082000000, 0x0000000087680000, 0x00000000d6000000)
  object space 88576K, 29% used [0x0000000082000000,0x0000000083996418,0x0000000087680000)
 Metaspace       used 41341K, capacity 42202K, committed 42280K, reserved 1085440K
  class space    used 5216K, capacity 5387K, committed 5416K, reserved 1048576K
Event: 231.695 GC heap after
Heap after GC invocations=11 (full 3):
 PSYoungGen      total 393728K, used 0K [0x00000000d6000000, 0x00000000f2080000, 0x0000000100000000)
  eden space 374272K, 0% used [0x00000000d6000000,0x00000000d6000000,0x00000000ecd80000)
  from space 19456K, 0% used [0x00000000edf80000,0x00000000edf80000,0x00000000ef280000)
  to   space 18432K, 0% used [0x00000000ecd80000,0x00000000ecd80000,0x00000000edf80000)
 ParOldGen       total 88576K, used 27898K [0x0000000082000000, 0x0000000087680000, 0x00000000d6000000)
  object space 88576K, 31% used [0x0000000082000000,0x0000000083b3e8d8,0x0000000087680000)
 Metaspace       used 41341K, capacity 42202K, committed 42280K, reserved 1085440K
  class space    used 5216K, capacity 5387K, committed 5416K, reserved 1048576K
}
Event: 251.225 GC heap before
{Heap before GC invocations=12 (full 3):
 PSYoungGen      total 393728K, used 257952K [0x00000000d6000000, 0x00000000f2080000, 0x0000000100000000)
  eden space 374272K, 68% used [0x00000000d6000000,0x00000000e5be81d8,0x00000000ecd80000)
  from space 19456K, 0% used [0x00000000edf80000,0x00000000edf80000,0x00000000ef280000)
  to   space 18432K, 0% used [0x00000000ecd80000,0x00000000ecd80000,0x00000000edf80000)
 ParOldGen       total 88576K, used 27898K [0x0000000082000000, 0x0000000087680000, 0x00000000d6000000)
  object space 88576K, 31% used [0x0000000082000000,0x0000000083b3e8d8,0x0000000087680000)
 Metaspace       used 42188K, capacity 43134K, committed 43432K, reserved 1087488K
  class space    used 5254K, capacity 5446K, committed 5544K, reserved 1048576K
Event: 251.230 GC heap after
Heap after GC invocations=12 (full 3):
 PSYoungGen      total 392704K, used 6410K [0x00000000d6000000, 0x00000000f2080000, 0x0000000100000000)
  eden space 374272K, 0% used [0x00000000d6000000,0x00000000d6000000,0x00000000ecd80000)
  from space 18432K, 34% used [0x00000000ecd80000,0x00000000ed3c2b08,0x00000000edf80000)
  to   space 18432K, 0% used [0x00000000f0e80000,0x00000000f0e80000,0x00000000f2080000)
 ParOldGen       total 88576K, used 27906K [0x0000000082000000, 0x0000000087680000, 0x00000000d6000000)
  object space 88576K, 31% used [0x0000000082000000,0x0000000083b408d8,0x0000000087680000)
 Metaspace       used 42188K, capacity 43134K, committed 43432K, reserved 1087488K
  class space    used 5254K, capacity 5446K, committed 5544K, reserved 1048576K
}
Event: 251.230 GC heap before
{Heap before GC invocations=13 (full 4):
 PSYoungGen      total 392704K, used 6410K [0x00000000d6000000, 0x00000000f2080000, 0x0000000100000000)
  eden space 374272K, 0% used [0x00000000d6000000,0x00000000d6000000,0x00000000ecd80000)
  from space 18432K, 34% used [0x00000000ecd80000,0x00000000ed3c2b08,0x00000000edf80000)
  to   space 18432K, 0% used [0x00000000f0e80000,0x00000000f0e80000,0x00000000f2080000)
 ParOldGen       total 88576K, used 27906K [0x0000000082000000, 0x0000000087680000, 0x00000000d6000000)
  object space 88576K, 31% used [0x0000000082000000,0x0000000083b408d8,0x0000000087680000)
 Metaspace       used 42188K, capacity 43134K, committed 43432K, reserved 1087488K
  class space    used 5254K, capacity 5446K, committed 5544K, reserved 1048576K
Event: 251.423 GC heap after
Heap after GC invocations=13 (full 4):
 PSYoungGen      total 392704K, used 0K [0x00000000d6000000, 0x00000000f2080000, 0x0000000100000000)
  eden space 374272K, 0% used [0x00000000d6000000,0x00000000d6000000,0x00000000ecd80000)
  from space 18432K, 0% used [0x00000000ecd80000,0x00000000ecd80000,0x00000000edf80000)
  to   space 18432K, 0% used [0x00000000f0e80000,0x00000000f0e80000,0x00000000f2080000)
 ParOldGen       total 88576K, used 28607K [0x0000000082000000, 0x0000000087680000, 0x00000000d6000000)
  object space 88576K, 32% used [0x0000000082000000,0x0000000083befde8,0x0000000087680000)
 Metaspace       used 42188K, capacity 43134K, committed 43432K, reserved 1087488K
  class space    used 5254K, capacity 5446K, committed 5544K, reserved 1048576K
}
Event: 292.123 GC heap before
{Heap before GC invocations=14 (full 4):
 PSYoungGen      total 392704K, used 256753K [0x00000000d6000000, 0x00000000f2080000, 0x0000000100000000)
  eden space 374272K, 68% used [0x00000000d6000000,0x00000000e5abc730,0x00000000ecd80000)
  from space 18432K, 0% used [0x00000000ecd80000,0x00000000ecd80000,0x00000000edf80000)
  to   space 18432K, 0% used [0x00000000f0e80000,0x00000000f0e80000,0x00000000f2080000)
 ParOldGen       total 88576K, used 28607K [0x0000000082000000, 0x0000000087680000, 0x00000000d6000000)
  object space 88576K, 32% used [0x0000000082000000,0x0000000083befde8,0x0000000087680000)
 Metaspace       used 42715K, capacity 43738K, committed 43944K, reserved 1087488K
  class space    used 5284K, capacity 5493K, committed 5544K, reserved 1048576K
Event: 292.129 GC heap after
Heap after GC invocations=14 (full 4):
 PSYoungGen      total 439808K, used 6372K [0x00000000d6000000, 0x00000000f1f80000, 0x0000000100000000)
  eden space 422400K, 0% used [0x00000000d6000000,0x00000000d6000000,0x00000000efc80000)
  from space 17408K, 36% used [0x00000000f0e80000,0x00000000f14b9218,0x00000000f1f80000)
  to   space 17920K, 0% used [0x00000000efc80000,0x00000000efc80000,0x00000000f0e00000)
 ParOldGen       total 88576K, used 28615K [0x0000000082000000, 0x0000000087680000, 0x00000000d6000000)
  object space 88576K, 32% used [0x0000000082000000,0x0000000083bf1de8,0x0000000087680000)
 Metaspace       used 42715K, capacity 43738K, committed 43944K, reserved 1087488K
  class space    used 5284K, capacity 5493K, committed 5544K, reserved 1048576K
}
Event: 292.129 GC heap before
{Heap before GC invocations=15 (full 5):
 PSYoungGen      total 439808K, used 6372K [0x00000000d6000000, 0x00000000f1f80000, 0x0000000100000000)
  eden space 422400K, 0% used [0x00000000d6000000,0x00000000d6000000,0x00000000efc80000)
  from space 17408K, 36% used [0x00000000f0e80000,0x00000000f14b9218,0x00000000f1f80000)
  to   space 17920K, 0% used [0x00000000efc80000,0x00000000efc80000,0x00000000f0e00000)
 ParOldGen       total 88576K, used 28615K [0x0000000082000000, 0x0000000087680000, 0x00000000d6000000)
  object space 88576K, 32% used [0x0000000082000000,0x0000000083bf1de8,0x0000000087680000)
 Metaspace       used 42715K, capacity 43738K, committed 43944K, reserved 1087488K
  class space    used 5284K, capacity 5493K, committed 5544K, reserved 1048576K
Event: 292.258 GC heap after
Heap after GC invocations=15 (full 5):
 PSYoungGen      total 439808K, used 0K [0x00000000d6000000, 0x00000000f1f80000, 0x0000000100000000)
  eden space 422400K, 0% used [0x00000000d6000000,0x00000000d6000000,0x00000000efc80000)
  from space 17408K, 0% used [0x00000000f0e80000,0x00000000f0e80000,0x00000000f1f80000)
  to   space 17920K, 0% used [0x00000000efc80000,0x00000000efc80000,0x00000000f0e00000)
 ParOldGen       total 88576K, used 26805K [0x0000000082000000, 0x0000000087680000, 0x00000000d6000000)
  object space 88576K, 30% used [0x0000000082000000,0x0000000083a2d440,0x0000000087680000)
 Metaspace       used 42710K, capacity 43726K, committed 43944K, reserved 1087488K
  class space    used 5282K, capacity 5489K, committed 5544K, reserved 1048576K
}

