# JRE version: Java(TM) SE Runtime Environment (8.0_131-b11) (build 1.8.0_131-b11)
# Java VM: Java HotSpot(TM) 64-Bit Server VM (25.131-b11 mixed mode windows-amd64 compressed oops)
Heap:
 PSYoungGen      total 199168K, used 158833K [0x00000000d6000000, 0x00000000e3380000, 0x0000000100000000)
  eden space 181760K, 87% used [0x00000000d6000000,0x00000000dfb1c728,0x00000000e1180000)
  from space 17408K, 0% used [0x00000000e1180000,0x00000000e1180000,0x00000000e2280000)
  to   space 17408K, 0% used [0x00000000e2280000,0x00000000e2280000,0x00000000e3380000)
 ParOldGen       total 98304K, used 19854K [0x0000000082000000, 0x0000000088000000, 0x00000000d6000000)
  object space 98304K, 20% used [0x0000000082000000,0x0000000083363ae0,0x0000000088000000)
 Metaspace       used 36499K, capacity 37254K, committed 37544K, reserved 1081344K
  class space    used 4500K, capacity 4709K, committed 4776K, reserved 1048576K
GC Heap History (10 events):
Event: 1405.967 GC heap before
{Heap before GC invocations=11 (full 2):
 PSYoungGen      total 155136K, used 83902K [0x00000000d6000000, 0x00000000e3080000, 0x0000000100000000)
  eden space 141312K, 59% used [0x00000000d6000000,0x00000000db1efa48,0x00000000dea00000)
  from space 13824K, 0% used [0x00000000dfb00000,0x00000000dfb00000,0x00000000e0880000)
  to   space 17408K, 0% used [0x00000000dea00000,0x00000000dea00000,0x00000000dfb00000)
 ParOldGen       total 98304K, used 23282K [0x0000000082000000, 0x0000000088000000, 0x00000000d6000000)
  object space 98304K, 23% used [0x0000000082000000,0x00000000836bcbc0,0x0000000088000000)
 Metaspace       used 35322K, capacity 35842K, committed 36136K, reserved 1081344K
  class space    used 4439K, capacity 4583K, committed 4648K, reserved 1048576K
Event: 1405.968 GC heap after
Heap after GC invocations=11 (full 2):
 PSYoungGen      total 158720K, used 512K [0x00000000d6000000, 0x00000000e3a00000, 0x0000000100000000)
  eden space 141312K, 0% used [0x00000000d6000000,0x00000000d6000000,0x00000000dea00000)
  from space 17408K, 2% used [0x00000000dea00000,0x00000000dea80000,0x00000000dfb00000)
  to   space 17920K, 0% used [0x00000000e2880000,0x00000000e2880000,0x00000000e3a00000)
 ParOldGen       total 98304K, used 23290K [0x0000000082000000, 0x0000000088000000, 0x00000000d6000000)
  object space 98304K, 23% used [0x0000000082000000,0x00000000836bebc0,0x0000000088000000)
 Metaspace       used 35322K, capacity 35842K, committed 36136K, reserved 1081344K
  class space    used 4439K, capacity 4583K, committed 4648K, reserved 1048576K
}
Event: 1405.968 GC heap before
{Heap before GC invocations=12 (full 3):
 PSYoungGen      total 158720K, used 512K [0x00000000d6000000, 0x00000000e3a00000, 0x0000000100000000)
  eden space 141312K, 0% used [0x00000000d6000000,0x00000000d6000000,0x00000000dea00000)
  from space 17408K, 2% used [0x00000000dea00000,0x00000000dea80000,0x00000000dfb00000)
  to   space 17920K, 0% used [0x00000000e2880000,0x00000000e2880000,0x00000000e3a00000)
 ParOldGen       total 98304K, used 23290K [0x0000000082000000, 0x0000000088000000, 0x00000000d6000000)
  object space 98304K, 23% used [0x0000000082000000,0x00000000836bebc0,0x0000000088000000)
 Metaspace       used 35322K, capacity 35842K, committed 36136K, reserved 1081344K
  class space    used 4439K, capacity 4583K, committed 4648K, reserved 1048576K
Event: 1406.056 GC heap after
Heap after GC invocations=12 (full 3):
 PSYoungGen      total 158720K, used 0K [0x00000000d6000000, 0x00000000e3a00000, 0x0000000100000000)
  eden space 141312K, 0% used [0x00000000d6000000,0x00000000d6000000,0x00000000dea00000)
  from space 17408K, 0% used [0x00000000dea00000,0x00000000dea00000,0x00000000dfb00000)
  to   space 17920K, 0% used [0x00000000e2880000,0x00000000e2880000,0x00000000e3a00000)
 ParOldGen       total 98304K, used 19779K [0x0000000082000000, 0x0000000088000000, 0x00000000d6000000)
  object space 98304K, 20% used [0x0000000082000000,0x0000000083350c68,0x0000000088000000)
 Metaspace       used 35322K, capacity 35842K, committed 36136K, reserved 1081344K
  class space    used 4439K, capacity 4583K, committed 4648K, reserved 1048576K
}
Event: 1425.325 GC heap before
{Heap before GC invocations=13 (full 3):
 PSYoungGen      total 158720K, used 141312K [0x00000000d6000000, 0x00000000e3a00000, 0x0000000100000000)
  eden space 141312K, 100% used [0x00000000d6000000,0x00000000dea00000,0x00000000dea00000)
  from space 17408K, 0% used [0x00000000dea00000,0x00000000dea00000,0x00000000dfb00000)
  to   space 17920K, 0% used [0x00000000e2880000,0x00000000e2880000,0x00000000e3a00000)
 ParOldGen       total 98304K, used 19779K [0x0000000082000000, 0x0000000088000000, 0x00000000d6000000)
  object space 98304K, 20% used [0x0000000082000000,0x0000000083350c68,0x0000000088000000)
 Metaspace       used 35987K, capacity 36672K, committed 37032K, reserved 1081344K
  class space    used 4476K, capacity 4656K, committed 4776K, reserved 1048576K
Event: 1425.333 GC heap after
Heap after GC invocations=13 (full 3):
 PSYoungGen      total 193024K, used 7157K [0x00000000d6000000, 0x00000000e3380000, 0x0000000100000000)
  eden space 181760K, 0% used [0x00000000d6000000,0x00000000d6000000,0x00000000e1180000)
  from space 11264K, 63% used [0x00000000e2880000,0x00000000e2f7d6c8,0x00000000e3380000)
  to   space 17408K, 0% used [0x00000000e1180000,0x00000000e1180000,0x00000000e2280000)
 ParOldGen       total 98304K, used 19787K [0x0000000082000000, 0x0000000088000000, 0x00000000d6000000)
  object space 98304K, 20% used [0x0000000082000000,0x0000000083352c68,0x0000000088000000)
 Metaspace       used 35987K, capacity 36672K, committed 37032K, reserved 1081344K
  class space    used 4476K, capacity 4656K, committed 4776K, reserved 1048576K
}
Event: 1455.276 GC heap before
{Heap before GC invocations=14 (full 3):
 PSYoungGen      total 193024K, used 33514K [0x00000000d6000000, 0x00000000e3380000, 0x0000000100000000)
  eden space 181760K, 14% used [0x00000000d6000000,0x00000000d79bd2f0,0x00000000e1180000)
  from space 11264K, 63% used [0x00000000e2880000,0x00000000e2f7d6c8,0x00000000e3380000)
  to   space 17408K, 0% used [0x00000000e1180000,0x00000000e1180000,0x00000000e2280000)
 ParOldGen       total 98304K, used 19787K [0x0000000082000000, 0x0000000088000000, 0x00000000d6000000)
  object space 98304K, 20% used [0x0000000082000000,0x0000000083352c68,0x0000000088000000)
 Metaspace       used 36087K, capacity 36784K, committed 37032K, reserved 1081344K
  class space    used 4480K, capacity 4665K, committed 4776K, reserved 1048576K
Event: 1455.278 GC heap after
Heap after GC invocations=14 (full 3):
 PSYoungGen      total 199168K, used 2528K [0x00000000d6000000, 0x00000000e3380000, 0x0000000100000000)
  eden space 181760K, 0% used [0x00000000d6000000,0x00000000d6000000,0x00000000e1180000)
  from space 17408K, 14% used [0x00000000e1180000,0x00000000e13f8000,0x00000000e2280000)
  to   space 17408K, 0% used [0x00000000e2280000,0x00000000e2280000,0x00000000e3380000)
 ParOldGen       total 98304K, used 19795K [0x0000000082000000, 0x0000000088000000, 0x00000000d6000000)
  object space 98304K, 20% used [0x0000000082000000,0x0000000083354c68,0x0000000088000000)
 Metaspace       used 36087K, capacity 36784K, committed 37032K, reserved 1081344K
  class space    used 4480K, capacity 4665K, committed 4776K, reserved 1048576K
}
Event: 1455.278 GC heap before
{Heap before GC invocations=15 (full 4):
 PSYoungGen      total 199168K, used 2528K [0x00000000d6000000, 0x00000000e3380000, 0x0000000100000000)
  eden space 181760K, 0% used [0x00000000d6000000,0x00000000d6000000,0x00000000e1180000)
  from space 17408K, 14% used [0x00000000e1180000,0x00000000e13f8000,0x00000000e2280000)
  to   space 17408K, 0% used [0x00000000e2280000,0x00000000e2280000,0x00000000e3380000)
 ParOldGen       total 98304K, used 19795K [0x0000000082000000, 0x0000000088000000, 0x00000000d6000000)
  object space 98304K, 20% used [0x0000000082000000,0x0000000083354c68,0x0000000088000000)
 Metaspace       used 36087K, capacity 36784K, committed 37032K, reserved 1081344K
  class space    used 4480K, capacity 4665K, committed 4776K, reserved 1048576K
Event: 1455.372 GC heap after
Heap after GC invocations=15 (full 4):
 PSYoungGen      total 199168K, used 0K [0x00000000d6000000, 0x00000000e3380000, 0x0000000100000000)
  eden space 181760K, 0% used [0x00000000d6000000,0x00000000d6000000,0x00000000e1180000)
  from space 17408K, 0% used [0x00000000e1180000,0x00000000e1180000,0x00000000e2280000)
  to   space 17408K, 0% used [0x00000000e2280000,0x00000000e2280000,0x00000000e3380000)
 ParOldGen       total 98304K, used 19854K [0x0000000082000000, 0x0000000088000000, 0x00000000d6000000)
  object space 98304K, 20% used [0x0000000082000000,0x0000000083363ae0,0x0000000088000000)
 Metaspace       used 36085K, capacity 36778K, committed 37032K, reserved 1081344K
  class space    used 4480K, capacity 4663K, committed 4776K, reserved 1048576K
}

