# JRE version: Java(TM) SE Runtime Environment (8.0_131-b11) (build 1.8.0_131-b11)
# Java VM: Java HotSpot(TM) 64-Bit Server VM (25.131-b11 mixed mode windows-amd64 compressed oops)
Heap:
 PSYoungGen      total 324608K, used 227683K [0x00000000d6000000, 0x00000000eb480000, 0x0000000100000000)
  eden space 317952K, 71% used [0x00000000d6000000,0x00000000e3e58ca8,0x00000000e9680000)
  from space 6656K, 0% used [0x00000000e9680000,0x00000000e9680000,0x00000000e9d00000)
  to   space 15360K, 0% used [0x00000000ea580000,0x00000000ea580000,0x00000000eb480000)
 ParOldGen       total 80896K, used 30121K [0x0000000082000000, 0x0000000086f00000, 0x00000000d6000000)
  object space 80896K, 37% used [0x0000000082000000,0x0000000083d6a518,0x0000000086f00000)
 Metaspace       used 46802K, capacity 48168K, committed 48424K, reserved 1091584K
  class space    used 5585K, capacity 5881K, committed 5928K, reserved 1048576K
GC Heap History (10 events):
Event: 137.355 GC heap before
{Heap before GC invocations=23 (full 8):
 PSYoungGen      total 324608K, used 6503K [0x00000000d6000000, 0x00000000eb680000, 0x0000000100000000)
  eden space 317952K, 0% used [0x00000000d6000000,0x00000000d6000000,0x00000000e9680000)
  from space 6656K, 97% used [0x00000000e9680000,0x00000000e9cd9f48,0x00000000e9d00000)
  to   space 16384K, 0% used [0x00000000ea680000,0x00000000ea680000,0x00000000eb680000)
 ParOldGen       total 80896K, used 27522K [0x0000000082000000, 0x0000000086f00000, 0x00000000d6000000)
  object space 80896K, 34% used [0x0000000082000000,0x0000000083ae0a38,0x0000000086f00000)
 Metaspace       used 45428K, capacity 46472K, committed 46760K, reserved 1089536K
  class space    used 5472K, capacity 5709K, committed 5800K, reserved 1048576K
Event: 137.470 GC heap after
Heap after GC invocations=23 (full 8):
 PSYoungGen      total 324608K, used 0K [0x00000000d6000000, 0x00000000eb680000, 0x0000000100000000)
  eden space 317952K, 0% used [0x00000000d6000000,0x00000000d6000000,0x00000000e9680000)
  from space 6656K, 0% used [0x00000000e9680000,0x00000000e9680000,0x00000000e9d00000)
  to   space 16384K, 0% used [0x00000000ea680000,0x00000000ea680000,0x00000000eb680000)
 ParOldGen       total 80896K, used 29752K [0x0000000082000000, 0x0000000086f00000, 0x00000000d6000000)
  object space 80896K, 36% used [0x0000000082000000,0x0000000083d0e220,0x0000000086f00000)
 Metaspace       used 45428K, capacity 46472K, committed 46760K, reserved 1089536K
  class space    used 5472K, capacity 5709K, committed 5800K, reserved 1048576K
}
Event: 168.032 GC heap before
{Heap before GC invocations=24 (full 8):
 PSYoungGen      total 324608K, used 244930K [0x00000000d6000000, 0x00000000eb680000, 0x0000000100000000)
  eden space 317952K, 77% used [0x00000000d6000000,0x00000000e4f30810,0x00000000e9680000)
  from space 6656K, 0% used [0x00000000e9680000,0x00000000e9680000,0x00000000e9d00000)
  to   space 16384K, 0% used [0x00000000ea680000,0x00000000ea680000,0x00000000eb680000)
 ParOldGen       total 80896K, used 29752K [0x0000000082000000, 0x0000000086f00000, 0x00000000d6000000)
  object space 80896K, 36% used [0x0000000082000000,0x0000000083d0e220,0x0000000086f00000)
 Metaspace       used 45862K, capacity 46930K, committed 47272K, reserved 1091584K
  class space    used 5501K, capacity 5753K, committed 5800K, reserved 1048576K
Event: 168.038 GC heap after
Heap after GC invocations=24 (full 8):
 PSYoungGen      total 333312K, used 6379K [0x00000000d6000000, 0x00000000eb580000, 0x0000000100000000)
  eden space 317952K, 0% used [0x00000000d6000000,0x00000000d6000000,0x00000000e9680000)
  from space 15360K, 41% used [0x00000000ea680000,0x00000000eacbac78,0x00000000eb580000)
  to   space 15872K, 0% used [0x00000000e9680000,0x00000000e9680000,0x00000000ea600000)
 ParOldGen       total 80896K, used 29760K [0x0000000082000000, 0x0000000086f00000, 0x00000000d6000000)
  object space 80896K, 36% used [0x0000000082000000,0x0000000083d10220,0x0000000086f00000)
 Metaspace       used 45862K, capacity 46930K, committed 47272K, reserved 1091584K
  class space    used 5501K, capacity 5753K, committed 5800K, reserved 1048576K
}
Event: 168.038 GC heap before
{Heap before GC invocations=25 (full 9):
 PSYoungGen      total 333312K, used 6379K [0x00000000d6000000, 0x00000000eb580000, 0x0000000100000000)
  eden space 317952K, 0% used [0x00000000d6000000,0x00000000d6000000,0x00000000e9680000)
  from space 15360K, 41% used [0x00000000ea680000,0x00000000eacbac78,0x00000000eb580000)
  to   space 15872K, 0% used [0x00000000e9680000,0x00000000e9680000,0x00000000ea600000)
 ParOldGen       total 80896K, used 29760K [0x0000000082000000, 0x0000000086f00000, 0x00000000d6000000)
  object space 80896K, 36% used [0x0000000082000000,0x0000000083d10220,0x0000000086f00000)
 Metaspace       used 45862K, capacity 46930K, committed 47272K, reserved 1091584K
  class space    used 5501K, capacity 5753K, committed 5800K, reserved 1048576K
Event: 168.111 GC heap after
Heap after GC invocations=25 (full 9):
 PSYoungGen      total 333312K, used 0K [0x00000000d6000000, 0x00000000eb580000, 0x0000000100000000)
  eden space 317952K, 0% used [0x00000000d6000000,0x00000000d6000000,0x00000000e9680000)
  from space 15360K, 0% used [0x00000000ea680000,0x00000000ea680000,0x00000000eb580000)
  to   space 15872K, 0% used [0x00000000e9680000,0x00000000e9680000,0x00000000ea600000)
 ParOldGen       total 80896K, used 27865K [0x0000000082000000, 0x0000000086f00000, 0x00000000d6000000)
  object space 80896K, 34% used [0x0000000082000000,0x0000000083b36540,0x0000000086f00000)
 Metaspace       used 45857K, capacity 46918K, committed 47272K, reserved 1091584K
  class space    used 5500K, capacity 5749K, committed 5800K, reserved 1048576K
}
Event: 185.141 GC heap before
{Heap before GC invocations=26 (full 9):
 PSYoungGen      total 333312K, used 234115K [0x00000000d6000000, 0x00000000eb580000, 0x0000000100000000)
  eden space 317952K, 73% used [0x00000000d6000000,0x00000000e44a0fd0,0x00000000e9680000)
  from space 15360K, 0% used [0x00000000ea680000,0x00000000ea680000,0x00000000eb580000)
  to   space 15872K, 0% used [0x00000000e9680000,0x00000000e9680000,0x00000000ea600000)
 ParOldGen       total 80896K, used 27865K [0x0000000082000000, 0x0000000086f00000, 0x00000000d6000000)
  object space 80896K, 34% used [0x0000000082000000,0x0000000083b36540,0x0000000086f00000)
 Metaspace       used 46421K, capacity 47716K, committed 47912K, reserved 1091584K
  class space    used 5555K, capacity 5839K, committed 5928K, reserved 1048576K
Event: 185.147 GC heap after
Heap after GC invocations=26 (full 9):
 PSYoungGen      total 324608K, used 6468K [0x00000000d6000000, 0x00000000eb480000, 0x0000000100000000)
  eden space 317952K, 0% used [0x00000000d6000000,0x00000000d6000000,0x00000000e9680000)
  from space 6656K, 97% used [0x00000000e9680000,0x00000000e9cd1218,0x00000000e9d00000)
  to   space 15360K, 0% used [0x00000000ea580000,0x00000000ea580000,0x00000000eb480000)
 ParOldGen       total 80896K, used 27873K [0x0000000082000000, 0x0000000086f00000, 0x00000000d6000000)
  object space 80896K, 34% used [0x0000000082000000,0x0000000083b38540,0x0000000086f00000)
 Metaspace       used 46421K, capacity 47716K, committed 47912K, reserved 1091584K
  class space    used 5555K, capacity 5839K, committed 5928K, reserved 1048576K
}
Event: 185.147 GC heap before
{Heap before GC invocations=27 (full 10):
 PSYoungGen      total 324608K, used 6468K [0x00000000d6000000, 0x00000000eb480000, 0x0000000100000000)
  eden space 317952K, 0% used [0x00000000d6000000,0x00000000d6000000,0x00000000e9680000)
  from space 6656K, 97% used [0x00000000e9680000,0x00000000e9cd1218,0x00000000e9d00000)
  to   space 15360K, 0% used [0x00000000ea580000,0x00000000ea580000,0x00000000eb480000)
 ParOldGen       total 80896K, used 27873K [0x0000000082000000, 0x0000000086f00000, 0x00000000d6000000)
  object space 80896K, 34% used [0x0000000082000000,0x0000000083b38540,0x0000000086f00000)
 Metaspace       used 46421K, capacity 47716K, committed 47912K, reserved 1091584K
  class space    used 5555K, capacity 5839K, committed 5928K, reserved 1048576K
Event: 185.288 GC heap after
Heap after GC invocations=27 (full 10):
 PSYoungGen      total 324608K, used 0K [0x00000000d6000000, 0x00000000eb480000, 0x0000000100000000)
  eden space 317952K, 0% used [0x00000000d6000000,0x00000000d6000000,0x00000000e9680000)
  from space 6656K, 0% used [0x00000000e9680000,0x00000000e9680000,0x00000000e9d00000)
  to   space 15360K, 0% used [0x00000000ea580000,0x00000000ea580000,0x00000000eb480000)
 ParOldGen       total 80896K, used 30121K [0x0000000082000000, 0x0000000086f00000, 0x00000000d6000000)
  object space 80896K, 37% used [0x0000000082000000,0x0000000083d6a518,0x0000000086f00000)
 Metaspace       used 46421K, capacity 47716K, committed 47912K, reserved 1091584K
  class space    used 5555K, capacity 5839K, committed 5928K, reserved 1048576K
}

