# JRE version: Java(TM) SE Runtime Environment (8.0_131-b11) (build 1.8.0_131-b11)
# Java VM: Java HotSpot(TM) 64-Bit Server VM (25.131-b11 mixed mode windows-amd64 compressed oops)
Heap:
 PSYoungGen      total 335872K, used 6475K [0x00000000d6000000, 0x00000000ec080000, 0x0000000100000000)
  eden space 317952K, 0% used [0x00000000d6000000,0x00000000d6000000,0x00000000e9680000)
  from space 17920K, 36% used [0x00000000e9680000,0x00000000e9cd2c78,0x00000000ea800000)
  to   space 17920K, 0% used [0x00000000eaf00000,0x00000000eaf00000,0x00000000ec080000)
 ParOldGen       total 78848K, used 29282K [0x0000000082000000, 0x0000000086d00000, 0x00000000d6000000)
  object space 78848K, 37% used [0x0000000082000000,0x0000000083c98a28,0x0000000086d00000)
 Metaspace       used 44262K, capacity 45088K, committed 45312K, reserved 1089536K
  class space    used 5436K, capacity 5601K, committed 5632K, reserved 1048576K
GC Heap History (10 events):
Event: 6.052 GC heap after
Heap after GC invocations=10 (full 1):
 PSYoungGen      total 239104K, used 13436K [0x00000000d6000000, 0x00000000eb980000, 0x0000000100000000)
  eden space 221696K, 0% used [0x00000000d6000000,0x00000000d6000000,0x00000000e3880000)
  from space 17408K, 77% used [0x00000000e3880000,0x00000000e459f070,0x00000000e4980000)
  to   space 17920K, 0% used [0x00000000ea800000,0x00000000ea800000,0x00000000eb980000)
 ParOldGen       total 52224K, used 18061K [0x0000000082000000, 0x0000000085300000, 0x00000000d6000000)
  object space 52224K, 34% used [0x0000000082000000,0x00000000831a3668,0x0000000085300000)
 Metaspace       used 34692K, capacity 35254K, committed 35496K, reserved 1081344K
  class space    used 4353K, capacity 4496K, committed 4608K, reserved 1048576K
}
Event: 6.052 GC heap before
{Heap before GC invocations=11 (full 2):
 PSYoungGen      total 239104K, used 13436K [0x00000000d6000000, 0x00000000eb980000, 0x0000000100000000)
  eden space 221696K, 0% used [0x00000000d6000000,0x00000000d6000000,0x00000000e3880000)
  from space 17408K, 77% used [0x00000000e3880000,0x00000000e459f070,0x00000000e4980000)
  to   space 17920K, 0% used [0x00000000ea800000,0x00000000ea800000,0x00000000eb980000)
 ParOldGen       total 52224K, used 18061K [0x0000000082000000, 0x0000000085300000, 0x00000000d6000000)
  object space 52224K, 34% used [0x0000000082000000,0x00000000831a3668,0x0000000085300000)
 Metaspace       used 34692K, capacity 35254K, committed 35496K, reserved 1081344K
  class space    used 4353K, capacity 4496K, committed 4608K, reserved 1048576K
Event: 6.100 GC heap after
Heap after GC invocations=11 (full 2):
 PSYoungGen      total 239104K, used 0K [0x00000000d6000000, 0x00000000eb980000, 0x0000000100000000)
  eden space 221696K, 0% used [0x00000000d6000000,0x00000000d6000000,0x00000000e3880000)
  from space 17408K, 0% used [0x00000000e3880000,0x00000000e3880000,0x00000000e4980000)
  to   space 17920K, 0% used [0x00000000ea800000,0x00000000ea800000,0x00000000eb980000)
 ParOldGen       total 78848K, used 22652K [0x0000000082000000, 0x0000000086d00000, 0x00000000d6000000)
  object space 78848K, 28% used [0x0000000082000000,0x000000008361f090,0x0000000086d00000)
 Metaspace       used 34692K, capacity 35254K, committed 35496K, reserved 1081344K
  class space    used 4353K, capacity 4496K, committed 4608K, reserved 1048576K
}
Event: 177.750 GC heap before
{Heap before GC invocations=12 (full 2):
 PSYoungGen      total 239104K, used 191389K [0x00000000d6000000, 0x00000000eb980000, 0x0000000100000000)
  eden space 221696K, 86% used [0x00000000d6000000,0x00000000e1ae76b0,0x00000000e3880000)
  from space 17408K, 0% used [0x00000000e3880000,0x00000000e3880000,0x00000000e4980000)
  to   space 17920K, 0% used [0x00000000ea800000,0x00000000ea800000,0x00000000eb980000)
 ParOldGen       total 78848K, used 22652K [0x0000000082000000, 0x0000000086d00000, 0x00000000d6000000)
  object space 78848K, 28% used [0x0000000082000000,0x000000008361f090,0x0000000086d00000)
 Metaspace       used 43558K, capacity 44272K, committed 44544K, reserved 1087488K
  class space    used 5400K, capacity 5540K, committed 5632K, reserved 1048576K
Event: 177.759 GC heap after
Heap after GC invocations=12 (full 2):
 PSYoungGen      total 335872K, used 11335K [0x00000000d6000000, 0x00000000ec080000, 0x0000000100000000)
  eden space 317952K, 0% used [0x00000000d6000000,0x00000000d6000000,0x00000000e9680000)
  from space 17920K, 63% used [0x00000000ea800000,0x00000000eb311fd0,0x00000000eb980000)
  to   space 17920K, 0% used [0x00000000e9680000,0x00000000e9680000,0x00000000ea800000)
 ParOldGen       total 78848K, used 22660K [0x0000000082000000, 0x0000000086d00000, 0x00000000d6000000)
  object space 78848K, 28% used [0x0000000082000000,0x0000000083621090,0x0000000086d00000)
 Metaspace       used 43558K, capacity 44272K, committed 44544K, reserved 1087488K
  class space    used 5400K, capacity 5540K, committed 5632K, reserved 1048576K
}
Event: 177.759 GC heap before
{Heap before GC invocations=13 (full 3):
 PSYoungGen      total 335872K, used 11335K [0x00000000d6000000, 0x00000000ec080000, 0x0000000100000000)
  eden space 317952K, 0% used [0x00000000d6000000,0x00000000d6000000,0x00000000e9680000)
  from space 17920K, 63% used [0x00000000ea800000,0x00000000eb311fd0,0x00000000eb980000)
  to   space 17920K, 0% used [0x00000000e9680000,0x00000000e9680000,0x00000000ea800000)
 ParOldGen       total 78848K, used 22660K [0x0000000082000000, 0x0000000086d00000, 0x00000000d6000000)
  object space 78848K, 28% used [0x0000000082000000,0x0000000083621090,0x0000000086d00000)
 Metaspace       used 43558K, capacity 44272K, committed 44544K, reserved 1087488K
  class space    used 5400K, capacity 5540K, committed 5632K, reserved 1048576K
Event: 177.871 GC heap after
Heap after GC invocations=13 (full 3):
 PSYoungGen      total 335872K, used 0K [0x00000000d6000000, 0x00000000ec080000, 0x0000000100000000)
  eden space 317952K, 0% used [0x00000000d6000000,0x00000000d6000000,0x00000000e9680000)
  from space 17920K, 0% used [0x00000000ea800000,0x00000000ea800000,0x00000000eb980000)
  to   space 17920K, 0% used [0x00000000e9680000,0x00000000e9680000,0x00000000ea800000)
 ParOldGen       total 78848K, used 29274K [0x0000000082000000, 0x0000000086d00000, 0x00000000d6000000)
  object space 78848K, 37% used [0x0000000082000000,0x0000000083c96a28,0x0000000086d00000)
 Metaspace       used 43558K, capacity 44272K, committed 44544K, reserved 1087488K
  class space    used 5400K, capacity 5540K, committed 5632K, reserved 1048576K
}
Event: 183.158 GC heap before
{Heap before GC invocations=14 (full 3):
 PSYoungGen      total 335872K, used 255705K [0x00000000d6000000, 0x00000000ec080000, 0x0000000100000000)
  eden space 317952K, 80% used [0x00000000d6000000,0x00000000e59b6790,0x00000000e9680000)
  from space 17920K, 0% used [0x00000000ea800000,0x00000000ea800000,0x00000000eb980000)
  to   space 17920K, 0% used [0x00000000e9680000,0x00000000e9680000,0x00000000ea800000)
 ParOldGen       total 78848K, used 29274K [0x0000000082000000, 0x0000000086d00000, 0x00000000d6000000)
  object space 78848K, 37% used [0x0000000082000000,0x0000000083c96a28,0x0000000086d00000)
 Metaspace       used 44262K, capacity 45088K, committed 45312K, reserved 1089536K
  class space    used 5436K, capacity 5601K, committed 5632K, reserved 1048576K
Event: 183.164 GC heap after
Heap after GC invocations=14 (full 3):
 PSYoungGen      total 335872K, used 6475K [0x00000000d6000000, 0x00000000ec080000, 0x0000000100000000)
  eden space 317952K, 0% used [0x00000000d6000000,0x00000000d6000000,0x00000000e9680000)
  from space 17920K, 36% used [0x00000000e9680000,0x00000000e9cd2c78,0x00000000ea800000)
  to   space 17920K, 0% used [0x00000000eaf00000,0x00000000eaf00000,0x00000000ec080000)
 ParOldGen       total 78848K, used 29282K [0x0000000082000000, 0x0000000086d00000, 0x00000000d6000000)
  object space 78848K, 37% used [0x0000000082000000,0x0000000083c98a28,0x0000000086d00000)
 Metaspace       used 44262K, capacity 45088K, committed 45312K, reserved 1089536K
  class space    used 5436K, capacity 5601K, committed 5632K, reserved 1048576K
}
Event: 183.164 GC heap before
{Heap before GC invocations=15 (full 4):
 PSYoungGen      total 335872K, used 6475K [0x00000000d6000000, 0x00000000ec080000, 0x0000000100000000)
  eden space 317952K, 0% used [0x00000000d6000000,0x00000000d6000000,0x00000000e9680000)
  from space 17920K, 36% used [0x00000000e9680000,0x00000000e9cd2c78,0x00000000ea800000)
  to   space 17920K, 0% used [0x00000000eaf00000,0x00000000eaf00000,0x00000000ec080000)
 ParOldGen       total 78848K, used 29282K [0x0000000082000000, 0x0000000086d00000, 0x00000000d6000000)
  object space 78848K, 37% used [0x0000000082000000,0x0000000083c98a28,0x0000000086d00000)
 Metaspace       used 44262K, capacity 45088K, committed 45312K, reserved 1089536K
  class space    used 5436K, capacity 5601K, committed 5632K, reserved 1048576K

