# JRE version: Java(TM) SE Runtime Environment (8.0_131-b11) (build 1.8.0_131-b11)
# Java VM: Java HotSpot(TM) 64-Bit Server VM (25.131-b11 mixed mode windows-amd64 compressed oops)
Heap:
 PSYoungGen      total 197632K, used 160336K [0x00000000d6000000, 0x00000000e3080000, 0x0000000100000000)
  eden space 181760K, 88% used [0x00000000d6000000,0x00000000dfc94348,0x00000000e1180000)
  from space 15872K, 0% used [0x00000000e1180000,0x00000000e1180000,0x00000000e2100000)
  to   space 15872K, 0% used [0x00000000e2100000,0x00000000e2100000,0x00000000e3080000)
 ParOldGen       total 62464K, used 24702K [0x0000000082000000, 0x0000000085d00000, 0x00000000d6000000)
  object space 62464K, 39% used [0x0000000082000000,0x000000008381f868,0x0000000085d00000)
 Metaspace       used 36327K, capacity 37350K, committed 37504K, reserved 1081344K
  class space    used 4430K, capacity 4706K, committed 4736K, reserved 1048576K
GC Heap History (10 events):
Event: 304.515 GC heap before
{Heap before GC invocations=15 (full 4):
 PSYoungGen      total 198144K, used 5756K [0x00000000d6000000, 0x00000000e3180000, 0x0000000100000000)
  eden space 181248K, 0% used [0x00000000d6000000,0x00000000d6000000,0x00000000e1100000)
  from space 16896K, 34% used [0x00000000e1100000,0x00000000e169f068,0x00000000e2180000)
  to   space 16384K, 0% used [0x00000000e2180000,0x00000000e2180000,0x00000000e3180000)
 ParOldGen       total 62464K, used 19546K [0x0000000082000000, 0x0000000085d00000, 0x00000000d6000000)
  object space 62464K, 31% used [0x0000000082000000,0x0000000083316a88,0x0000000085d00000)
 Metaspace       used 35330K, capacity 36076K, committed 36352K, reserved 1081344K
  class space    used 4357K, capacity 4551K, committed 4608K, reserved 1048576K
Event: 304.583 GC heap after
Heap after GC invocations=15 (full 4):
 PSYoungGen      total 198144K, used 0K [0x00000000d6000000, 0x00000000e3180000, 0x0000000100000000)
  eden space 181248K, 0% used [0x00000000d6000000,0x00000000d6000000,0x00000000e1100000)
  from space 16896K, 0% used [0x00000000e1100000,0x00000000e1100000,0x00000000e2180000)
  to   space 16384K, 0% used [0x00000000e2180000,0x00000000e2180000,0x00000000e3180000)
 ParOldGen       total 62464K, used 22735K [0x0000000082000000, 0x0000000085d00000, 0x00000000d6000000)
  object space 62464K, 36% used [0x0000000082000000,0x0000000083633ca8,0x0000000085d00000)
 Metaspace       used 35327K, capacity 36070K, committed 36352K, reserved 1081344K
  class space    used 4357K, capacity 4549K, committed 4608K, reserved 1048576K
}
Event: 415.426 GC heap before
{Heap before GC invocations=16 (full 4):
 PSYoungGen      total 198144K, used 173455K [0x00000000d6000000, 0x00000000e3180000, 0x0000000100000000)
  eden space 181248K, 95% used [0x00000000d6000000,0x00000000e0963d60,0x00000000e1100000)
  from space 16896K, 0% used [0x00000000e1100000,0x00000000e1100000,0x00000000e2180000)
  to   space 16384K, 0% used [0x00000000e2180000,0x00000000e2180000,0x00000000e3180000)
 ParOldGen       total 62464K, used 22735K [0x0000000082000000, 0x0000000085d00000, 0x00000000d6000000)
  object space 62464K, 36% used [0x0000000082000000,0x0000000083633ca8,0x0000000085d00000)
 Metaspace       used 35704K, capacity 36618K, committed 36864K, reserved 1081344K
  class space    used 4385K, capacity 4608K, committed 4608K, reserved 1048576K
Event: 415.432 GC heap after
Heap after GC invocations=16 (full 4):
 PSYoungGen      total 197120K, used 5784K [0x00000000d6000000, 0x00000000e3080000, 0x0000000100000000)
  eden space 181760K, 0% used [0x00000000d6000000,0x00000000d6000000,0x00000000e1180000)
  from space 15360K, 37% used [0x00000000e2180000,0x00000000e2726338,0x00000000e3080000)
  to   space 15872K, 0% used [0x00000000e1180000,0x00000000e1180000,0x00000000e2100000)
 ParOldGen       total 62464K, used 22743K [0x0000000082000000, 0x0000000085d00000, 0x00000000d6000000)
  object space 62464K, 36% used [0x0000000082000000,0x0000000083635ca8,0x0000000085d00000)
 Metaspace       used 35704K, capacity 36618K, committed 36864K, reserved 1081344K
  class space    used 4385K, capacity 4608K, committed 4608K, reserved 1048576K
}
Event: 415.432 GC heap before
{Heap before GC invocations=17 (full 5):
 PSYoungGen      total 197120K, used 5784K [0x00000000d6000000, 0x00000000e3080000, 0x0000000100000000)
  eden space 181760K, 0% used [0x00000000d6000000,0x00000000d6000000,0x00000000e1180000)
  from space 15360K, 37% used [0x00000000e2180000,0x00000000e2726338,0x00000000e3080000)
  to   space 15872K, 0% used [0x00000000e1180000,0x00000000e1180000,0x00000000e2100000)
 ParOldGen       total 62464K, used 22743K [0x0000000082000000, 0x0000000085d00000, 0x00000000d6000000)
  object space 62464K, 36% used [0x0000000082000000,0x0000000083635ca8,0x0000000085d00000)
 Metaspace       used 35704K, capacity 36618K, committed 36864K, reserved 1081344K
  class space    used 4385K, capacity 4608K, committed 4608K, reserved 1048576K
Event: 415.525 GC heap after
Heap after GC invocations=17 (full 5):
 PSYoungGen      total 197120K, used 0K [0x00000000d6000000, 0x00000000e3080000, 0x0000000100000000)
  eden space 181760K, 0% used [0x00000000d6000000,0x00000000d6000000,0x00000000e1180000)
  from space 15360K, 0% used [0x00000000e2180000,0x00000000e2180000,0x00000000e3080000)
  to   space 15872K, 0% used [0x00000000e1180000,0x00000000e1180000,0x00000000e2100000)
 ParOldGen       total 62464K, used 22870K [0x0000000082000000, 0x0000000085d00000, 0x00000000d6000000)
  object space 62464K, 36% used [0x0000000082000000,0x0000000083655b50,0x0000000085d00000)
 Metaspace       used 35702K, capacity 36612K, committed 36864K, reserved 1081344K
  class space    used 4384K, capacity 4606K, committed 4608K, reserved 1048576K
}
Event: 444.713 GC heap before
{Heap before GC invocations=18 (full 5):
 PSYoungGen      total 197120K, used 168113K [0x00000000d6000000, 0x00000000e3080000, 0x0000000100000000)
  eden space 181760K, 92% used [0x00000000d6000000,0x00000000e042c490,0x00000000e1180000)
  from space 15360K, 0% used [0x00000000e2180000,0x00000000e2180000,0x00000000e3080000)
  to   space 15872K, 0% used [0x00000000e1180000,0x00000000e1180000,0x00000000e2100000)
 ParOldGen       total 62464K, used 22870K [0x0000000082000000, 0x0000000085d00000, 0x00000000d6000000)
  object space 62464K, 36% used [0x0000000082000000,0x0000000083655b50,0x0000000085d00000)
 Metaspace       used 36012K, capacity 36942K, committed 37248K, reserved 1081344K
  class space    used 4403K, capacity 4650K, committed 4736K, reserved 1048576K
Event: 444.718 GC heap after
Heap after GC invocations=18 (full 5):
 PSYoungGen      total 197632K, used 5740K [0x00000000d6000000, 0x00000000e3080000, 0x0000000100000000)
  eden space 181760K, 0% used [0x00000000d6000000,0x00000000d6000000,0x00000000e1180000)
  from space 15872K, 36% used [0x00000000e1180000,0x00000000e171b1e8,0x00000000e2100000)
  to   space 15872K, 0% used [0x00000000e2100000,0x00000000e2100000,0x00000000e3080000)
 ParOldGen       total 62464K, used 22878K [0x0000000082000000, 0x0000000085d00000, 0x00000000d6000000)
  object space 62464K, 36% used [0x0000000082000000,0x0000000083657b50,0x0000000085d00000)
 Metaspace       used 36012K, capacity 36942K, committed 37248K, reserved 1081344K
  class space    used 4403K, capacity 4650K, committed 4736K, reserved 1048576K
}
Event: 444.718 GC heap before
{Heap before GC invocations=19 (full 6):
 PSYoungGen      total 197632K, used 5740K [0x00000000d6000000, 0x00000000e3080000, 0x0000000100000000)
  eden space 181760K, 0% used [0x00000000d6000000,0x00000000d6000000,0x00000000e1180000)
  from space 15872K, 36% used [0x00000000e1180000,0x00000000e171b1e8,0x00000000e2100000)
  to   space 15872K, 0% used [0x00000000e2100000,0x00000000e2100000,0x00000000e3080000)
 ParOldGen       total 62464K, used 22878K [0x0000000082000000, 0x0000000085d00000, 0x00000000d6000000)
  object space 62464K, 36% used [0x0000000082000000,0x0000000083657b50,0x0000000085d00000)
 Metaspace       used 36012K, capacity 36942K, committed 37248K, reserved 1081344K
  class space    used 4403K, capacity 4650K, committed 4736K, reserved 1048576K
Event: 444.786 GC heap after
Heap after GC invocations=19 (full 6):
 PSYoungGen      total 197632K, used 0K [0x00000000d6000000, 0x00000000e3080000, 0x0000000100000000)
  eden space 181760K, 0% used [0x00000000d6000000,0x00000000d6000000,0x00000000e1180000)
  from space 15872K, 0% used [0x00000000e1180000,0x00000000e1180000,0x00000000e2100000)
  to   space 15872K, 0% used [0x00000000e2100000,0x00000000e2100000,0x00000000e3080000)
 ParOldGen       total 62464K, used 24702K [0x0000000082000000, 0x0000000085d00000, 0x00000000d6000000)
  object space 62464K, 39% used [0x0000000082000000,0x000000008381f868,0x0000000085d00000)
 Metaspace       used 36012K, capacity 36942K, committed 37248K, reserved 1081344K
  class space    used 4403K, capacity 4650K, committed 4736K, reserved 1048576K
}

