# JRE version: Java(TM) SE Runtime Environment (8.0_131-b11) (build 1.8.0_131-b11)
# Java VM: Java HotSpot(TM) 64-Bit Server VM (25.131-b11 mixed mode windows-amd64 compressed oops)
Heap:
 PSYoungGen      total 466944K, used 230015K [0x00000000d6000000, 0x00000000f3a00000, 0x0000000100000000)
  eden space 448512K, 51% used [0x00000000d6000000,0x00000000e409fd28,0x00000000f1600000)
  from space 18432K, 0% used [0x00000000f2800000,0x00000000f2800000,0x00000000f3a00000)
  to   space 18432K, 0% used [0x00000000f1600000,0x00000000f1600000,0x00000000f2800000)
 ParOldGen       total 81408K, used 27453K [0x0000000082000000, 0x0000000086f80000, 0x00000000d6000000)
  object space 81408K, 33% used [0x0000000082000000,0x0000000083acf488,0x0000000086f80000)
 Metaspace       used 44720K, capacity 45664K, committed 45864K, reserved 1089536K
  class space    used 5450K, capacity 5672K, committed 5672K, reserved 1048576K
GC Heap History (10 events):
Event: 117.779 GC heap before
{Heap before GC invocations=11 (full 3):
 PSYoungGen      total 428032K, used 10777K [0x00000000d6000000, 0x00000000f3b00000, 0x0000000100000000)
  eden space 408576K, 0% used [0x00000000d6000000,0x00000000d6000000,0x00000000eef00000)
  from space 19456K, 55% used [0x00000000f0180000,0x00000000f0c066d0,0x00000000f1480000)
  to   space 18944K, 0% used [0x00000000eef00000,0x00000000eef00000,0x00000000f0180000)
 ParOldGen       total 81408K, used 26269K [0x0000000082000000, 0x0000000086f80000, 0x00000000d6000000)
  object space 81408K, 32% used [0x0000000082000000,0x00000000839a7780,0x0000000086f80000)
 Metaspace       used 43060K, capacity 43714K, committed 43944K, reserved 1087488K
  class space    used 5356K, capacity 5511K, committed 5544K, reserved 1048576K
Event: 117.876 GC heap after
Heap after GC invocations=11 (full 3):
 PSYoungGen      total 428032K, used 0K [0x00000000d6000000, 0x00000000f3b00000, 0x0000000100000000)
  eden space 408576K, 0% used [0x00000000d6000000,0x00000000d6000000,0x00000000eef00000)
  from space 19456K, 0% used [0x00000000f0180000,0x00000000f0180000,0x00000000f1480000)
  to   space 18944K, 0% used [0x00000000eef00000,0x00000000eef00000,0x00000000f0180000)
 ParOldGen       total 81408K, used 28937K [0x0000000082000000, 0x0000000086f80000, 0x00000000d6000000)
  object space 81408K, 35% used [0x0000000082000000,0x0000000083c424e8,0x0000000086f80000)
 Metaspace       used 43060K, capacity 43714K, committed 43944K, reserved 1087488K
  class space    used 5356K, capacity 5511K, committed 5544K, reserved 1048576K
}
Event: 197.031 GC heap before
{Heap before GC invocations=12 (full 3):
 PSYoungGen      total 428032K, used 262155K [0x00000000d6000000, 0x00000000f3b00000, 0x0000000100000000)
  eden space 408576K, 64% used [0x00000000d6000000,0x00000000e6002f58,0x00000000eef00000)
  from space 19456K, 0% used [0x00000000f0180000,0x00000000f0180000,0x00000000f1480000)
  to   space 18944K, 0% used [0x00000000eef00000,0x00000000eef00000,0x00000000f0180000)
 ParOldGen       total 81408K, used 28937K [0x0000000082000000, 0x0000000086f80000, 0x00000000d6000000)
  object space 81408K, 35% used [0x0000000082000000,0x0000000083c424e8,0x0000000086f80000)
 Metaspace       used 43796K, capacity 44530K, committed 44840K, reserved 1089536K
  class space    used 5392K, capacity 5572K, committed 5672K, reserved 1048576K
Event: 197.038 GC heap after
Heap after GC invocations=12 (full 3):
 PSYoungGen      total 427520K, used 6432K [0x00000000d6000000, 0x00000000f3a00000, 0x0000000100000000)
  eden space 408576K, 0% used [0x00000000d6000000,0x00000000d6000000,0x00000000eef00000)
  from space 18944K, 33% used [0x00000000eef00000,0x00000000ef548368,0x00000000f0180000)
  to   space 18432K, 0% used [0x00000000f2800000,0x00000000f2800000,0x00000000f3a00000)
 ParOldGen       total 81408K, used 28945K [0x0000000082000000, 0x0000000086f80000, 0x00000000d6000000)
  object space 81408K, 35% used [0x0000000082000000,0x0000000083c444e8,0x0000000086f80000)
 Metaspace       used 43796K, capacity 44530K, committed 44840K, reserved 1089536K
  class space    used 5392K, capacity 5572K, committed 5672K, reserved 1048576K
}
Event: 197.038 GC heap before
{Heap before GC invocations=13 (full 4):
 PSYoungGen      total 427520K, used 6432K [0x00000000d6000000, 0x00000000f3a00000, 0x0000000100000000)
  eden space 408576K, 0% used [0x00000000d6000000,0x00000000d6000000,0x00000000eef00000)
  from space 18944K, 33% used [0x00000000eef00000,0x00000000ef548368,0x00000000f0180000)
  to   space 18432K, 0% used [0x00000000f2800000,0x00000000f2800000,0x00000000f3a00000)
 ParOldGen       total 81408K, used 28945K [0x0000000082000000, 0x0000000086f80000, 0x00000000d6000000)
  object space 81408K, 35% used [0x0000000082000000,0x0000000083c444e8,0x0000000086f80000)
 Metaspace       used 43796K, capacity 44530K, committed 44840K, reserved 1089536K
  class space    used 5392K, capacity 5572K, committed 5672K, reserved 1048576K
Event: 197.152 GC heap after
Heap after GC invocations=13 (full 4):
 PSYoungGen      total 427520K, used 0K [0x00000000d6000000, 0x00000000f3a00000, 0x0000000100000000)
  eden space 408576K, 0% used [0x00000000d6000000,0x00000000d6000000,0x00000000eef00000)
  from space 18944K, 0% used [0x00000000eef00000,0x00000000eef00000,0x00000000f0180000)
  to   space 18432K, 0% used [0x00000000f2800000,0x00000000f2800000,0x00000000f3a00000)
 ParOldGen       total 81408K, used 27292K [0x0000000082000000, 0x0000000086f80000, 0x00000000d6000000)
  object space 81408K, 33% used [0x0000000082000000,0x0000000083aa7238,0x0000000086f80000)
 Metaspace       used 43794K, capacity 44524K, committed 44840K, reserved 1089536K
  class space    used 5392K, capacity 5570K, committed 5672K, reserved 1048576K
}
Event: 220.686 GC heap before
{Heap before GC invocations=14 (full 4):
 PSYoungGen      total 427520K, used 247997K [0x00000000d6000000, 0x00000000f3a00000, 0x0000000100000000)
  eden space 408576K, 60% used [0x00000000d6000000,0x00000000e522f6d0,0x00000000eef00000)
  from space 18944K, 0% used [0x00000000eef00000,0x00000000eef00000,0x00000000f0180000)
  to   space 18432K, 0% used [0x00000000f2800000,0x00000000f2800000,0x00000000f3a00000)
 ParOldGen       total 81408K, used 27292K [0x0000000082000000, 0x0000000086f80000, 0x00000000d6000000)
  object space 81408K, 33% used [0x0000000082000000,0x0000000083aa7238,0x0000000086f80000)
 Metaspace       used 44272K, capacity 45070K, committed 45352K, reserved 1089536K
  class space    used 5419K, capacity 5618K, committed 5672K, reserved 1048576K
Event: 220.692 GC heap after
Heap after GC invocations=14 (full 4):
 PSYoungGen      total 466944K, used 6417K [0x00000000d6000000, 0x00000000f3a00000, 0x0000000100000000)
  eden space 448512K, 0% used [0x00000000d6000000,0x00000000d6000000,0x00000000f1600000)
  from space 18432K, 34% used [0x00000000f2800000,0x00000000f2e44428,0x00000000f3a00000)
  to   space 18432K, 0% used [0x00000000f1600000,0x00000000f1600000,0x00000000f2800000)
 ParOldGen       total 81408K, used 27300K [0x0000000082000000, 0x0000000086f80000, 0x00000000d6000000)
  object space 81408K, 33% used [0x0000000082000000,0x0000000083aa9238,0x0000000086f80000)
 Metaspace       used 44272K, capacity 45070K, committed 45352K, reserved 1089536K
  class space    used 5419K, capacity 5618K, committed 5672K, reserved 1048576K
}
Event: 220.692 GC heap before
{Heap before GC invocations=15 (full 5):
 PSYoungGen      total 466944K, used 6417K [0x00000000d6000000, 0x00000000f3a00000, 0x0000000100000000)
  eden space 448512K, 0% used [0x00000000d6000000,0x00000000d6000000,0x00000000f1600000)
  from space 18432K, 34% used [0x00000000f2800000,0x00000000f2e44428,0x00000000f3a00000)
  to   space 18432K, 0% used [0x00000000f1600000,0x00000000f1600000,0x00000000f2800000)
 ParOldGen       total 81408K, used 27300K [0x0000000082000000, 0x0000000086f80000, 0x00000000d6000000)
  object space 81408K, 33% used [0x0000000082000000,0x0000000083aa9238,0x0000000086f80000)
 Metaspace       used 44272K, capacity 45070K, committed 45352K, reserved 1089536K
  class space    used 5419K, capacity 5618K, committed 5672K, reserved 1048576K
Event: 220.788 GC heap after
Heap after GC invocations=15 (full 5):
 PSYoungGen      total 466944K, used 0K [0x00000000d6000000, 0x00000000f3a00000, 0x0000000100000000)
  eden space 448512K, 0% used [0x00000000d6000000,0x00000000d6000000,0x00000000f1600000)
  from space 18432K, 0% used [0x00000000f2800000,0x00000000f2800000,0x00000000f3a00000)
  to   space 18432K, 0% used [0x00000000f1600000,0x00000000f1600000,0x00000000f2800000)
 ParOldGen       total 81408K, used 27453K [0x0000000082000000, 0x0000000086f80000, 0x00000000d6000000)
  object space 81408K, 33% used [0x0000000082000000,0x0000000083acf488,0x0000000086f80000)
 Metaspace       used 44270K, capacity 45064K, committed 45352K, reserved 1089536K
  class space    used 5419K, capacity 5616K, committed 5672K, reserved 1048576K
}

